./include/uthash.h:1: MINOR:C-G1
./include/uthash.h:25: MINOR:C-G3
./include/uthash.h:27: MINOR:C-G3
./include/uthash.h:29: MINOR:C-G3
./include/uthash.h:30: MINOR:C-G3
./include/uthash.h:31: MINOR:C-G3
./include/uthash.h:34: MAJOR:C-F3
./include/uthash.h:35: MAJOR:C-F3
./include/uthash.h:35: MINOR:C-G3
./include/uthash.h:40: MINOR:C-G3
./include/uthash.h:50: MINOR:C-G3
./include/uthash.h:52: MINOR:C-G3
./include/uthash.h:55: MINOR:C-G3
./include/uthash.h:56: MAJOR:C-F3
./include/uthash.h:57: MINOR:C-G3
./include/uthash.h:59: MINOR:C-G3
./include/uthash.h:64: MINOR:C-G3
./include/uthash.h:65: MAJOR:C-F3
./include/uthash.h:65: MINOR:C-G3
./include/uthash.h:65: MINOR:C-G6
./include/uthash.h:65: MAJOR:C-H3
./include/uthash.h:65: MINOR:C-L3
./include/uthash.h:66: MAJOR:C-F3
./include/uthash.h:66: MINOR:C-G6
./include/uthash.h:67: MAJOR:C-F3
./include/uthash.h:67: MINOR:C-G6
./include/uthash.h:67: MINOR:C-L2
./include/uthash.h:67: MINOR:C-V3
./include/uthash.h:68: MAJOR:C-F3
./include/uthash.h:68: MINOR:C-G6
./include/uthash.h:68: MINOR:C-L2
./include/uthash.h:68: MINOR:C-V3
./include/uthash.h:69: MINOR:C-L2
./include/uthash.h:69: MINOR:C-L4
./include/uthash.h:71: MAJOR:C-F3
./include/uthash.h:71: MINOR:C-G3
./include/uthash.h:71: MINOR:C-G6
./include/uthash.h:71: MAJOR:C-H3
./include/uthash.h:71: MINOR:C-L3
./include/uthash.h:72: MAJOR:C-F3
./include/uthash.h:72: MINOR:C-G6
./include/uthash.h:73: MAJOR:C-F3
./include/uthash.h:73: MINOR:C-G6
./include/uthash.h:73: MINOR:C-L2
./include/uthash.h:74: MINOR:C-L2
./include/uthash.h:74: MINOR:C-L4
./include/uthash.h:78: MINOR:C-G3
./include/uthash.h:78: MINOR:C-V1
./include/uthash.h:81: MINOR:C-G3
./include/uthash.h:81: MINOR:C-L3
./include/uthash.h:81: MINOR:C-V1
./include/uthash.h:84: MINOR:C-G3
./include/uthash.h:84: MINOR:C-L3
./include/uthash.h:84: MINOR:C-V1
./include/uthash.h:87: MINOR:C-G3
./include/uthash.h:87: MINOR:C-V1
./include/uthash.h:91: MINOR:C-G3
./include/uthash.h:91: MINOR:C-L3
./include/uthash.h:95: MINOR:C-G3
./include/uthash.h:95: MINOR:C-L3
./include/uthash.h:99: MINOR:C-G3
./include/uthash.h:99: MINOR:C-V1
./include/uthash.h:102: MINOR:C-G3
./include/uthash.h:102: MINOR:C-V1
./include/uthash.h:106: MINOR:C-G3
./include/uthash.h:113: MINOR:C-G3
./include/uthash.h:113: MINOR:C-L4
./include/uthash.h:113: MINOR:C-V1
./include/uthash.h:116: MINOR:C-G3
./include/uthash.h:116: MAJOR:C-H3
./include/uthash.h:116: MINOR:C-L4
./include/uthash.h:117: MINOR:C-G3
./include/uthash.h:123: MINOR:C-G3
./include/uthash.h:123: MINOR:C-V1
./include/uthash.h:126: MINOR:C-G3
./include/uthash.h:127: MINOR:C-G3
./include/uthash.h:132: MINOR:C-G3
./include/uthash.h:133: MINOR:C-G3
./include/uthash.h:134: MINOR:C-G3
./include/uthash.h:137: MINOR:C-G3
./include/uthash.h:137: MINOR:C-L3
./include/uthash.h:137: MINOR:C-V3
./include/uthash.h:139: MAJOR:C-F3
./include/uthash.h:139: MINOR:C-G3
./include/uthash.h:139: MINOR:C-L3
./include/uthash.h:139: MINOR:C-V3
./include/uthash.h:141: MAJOR:C-F3
./include/uthash.h:141: MINOR:C-G3
./include/uthash.h:141: MINOR:C-G6
./include/uthash.h:141: MAJOR:C-H3
./include/uthash.h:142: MAJOR:C-F3
./include/uthash.h:142: MINOR:C-G6
./include/uthash.h:143: MAJOR:C-F3
./include/uthash.h:143: MINOR:C-G6
./include/uthash.h:143: MINOR:C-L2
./include/uthash.h:144: MAJOR:C-F3
./include/uthash.h:144: MINOR:C-G6
./include/uthash.h:144: MINOR:C-L2
./include/uthash.h:145: MAJOR:C-F3
./include/uthash.h:145: MINOR:C-G6
./include/uthash.h:145: MINOR:C-L2
./include/uthash.h:146: MAJOR:C-F3
./include/uthash.h:146: MINOR:C-G6
./include/uthash.h:146: MINOR:C-L2
./include/uthash.h:147: MAJOR:C-F3
./include/uthash.h:147: MINOR:C-G6
./include/uthash.h:147: MINOR:C-L2
./include/uthash.h:148: MAJOR:C-F3
./include/uthash.h:148: MINOR:C-G6
./include/uthash.h:148: MINOR:C-L2
./include/uthash.h:149: MINOR:C-L2
./include/uthash.h:149: MINOR:C-L4
./include/uthash.h:151: MAJOR:C-F3
./include/uthash.h:151: MINOR:C-G3
./include/uthash.h:151: MINOR:C-G6
./include/uthash.h:151: MAJOR:C-H3
./include/uthash.h:151: MINOR:C-L3
./include/uthash.h:152: MAJOR:C-F3
./include/uthash.h:152: MINOR:C-G6
./include/uthash.h:153: MAJOR:C-F3
./include/uthash.h:153: MINOR:C-G6
./include/uthash.h:153: MINOR:C-L2
./include/uthash.h:154: MINOR:C-L2
./include/uthash.h:154: MINOR:C-L4
./include/uthash.h:156: MAJOR:C-F3
./include/uthash.h:156: MINOR:C-G3
./include/uthash.h:156: MINOR:C-G6
./include/uthash.h:156: MAJOR:C-H3
./include/uthash.h:156: MINOR:C-L3
./include/uthash.h:157: MAJOR:C-F3
./include/uthash.h:157: MINOR:C-G6
./include/uthash.h:158: MAJOR:C-F3
./include/uthash.h:158: MINOR:C-G6
./include/uthash.h:158: MINOR:C-L2
./include/uthash.h:159: MAJOR:C-F3
./include/uthash.h:159: MINOR:C-G6
./include/uthash.h:159: MINOR:C-L2
./include/uthash.h:160: MAJOR:C-F3
./include/uthash.h:160: MINOR:C-G6
./include/uthash.h:160: MINOR:C-L2
./include/uthash.h:161: MAJOR:C-F3
./include/uthash.h:161: MINOR:C-G6
./include/uthash.h:161: MINOR:C-L2
./include/uthash.h:162: MAJOR:C-F3
./include/uthash.h:162: MINOR:C-G6
./include/uthash.h:163: MAJOR:C-F3
./include/uthash.h:163: MINOR:C-G6
./include/uthash.h:163: MINOR:C-L2
./include/uthash.h:163: MINOR:C-L3
./include/uthash.h:164: MAJOR:C-F3
./include/uthash.h:164: MINOR:C-G6
./include/uthash.h:164: MINOR:C-L2
./include/uthash.h:164: MINOR:C-L4
./include/uthash.h:165: MAJOR:C-F3
./include/uthash.h:165: MINOR:C-G6
./include/uthash.h:165: MINOR:C-L2
./include/uthash.h:166: MINOR:C-L2
./include/uthash.h:166: MINOR:C-L4
./include/uthash.h:168: MAJOR:C-F3
./include/uthash.h:168: MINOR:C-G3
./include/uthash.h:168: MINOR:C-G6
./include/uthash.h:168: MAJOR:C-H3
./include/uthash.h:168: MINOR:C-L3
./include/uthash.h:169: MAJOR:C-F3
./include/uthash.h:169: MINOR:C-G6
./include/uthash.h:170: MAJOR:C-F3
./include/uthash.h:170: MINOR:C-G6
./include/uthash.h:170: MINOR:C-L2
./include/uthash.h:171: MAJOR:C-F3
./include/uthash.h:171: MINOR:C-G6
./include/uthash.h:171: MINOR:C-L2
./include/uthash.h:172: MAJOR:C-F3
./include/uthash.h:172: MINOR:C-G6
./include/uthash.h:172: MINOR:C-L2
./include/uthash.h:173: MAJOR:C-F3
./include/uthash.h:173: MINOR:C-G6
./include/uthash.h:173: MINOR:C-L2
./include/uthash.h:174: MAJOR:C-F3
./include/uthash.h:174: MINOR:C-G6
./include/uthash.h:174: MINOR:C-L2
./include/uthash.h:175: MAJOR:C-F3
./include/uthash.h:175: MINOR:C-G6
./include/uthash.h:175: MINOR:C-L2
./include/uthash.h:176: MINOR:C-L2
./include/uthash.h:176: MINOR:C-L4
./include/uthash.h:179: MINOR:C-G3
./include/uthash.h:180: MAJOR:C-F3
./include/uthash.h:180: MINOR:C-G3
./include/uthash.h:180: MINOR:C-L3
./include/uthash.h:181: MAJOR:C-F3
./include/uthash.h:181: MINOR:C-G3
./include/uthash.h:181: MINOR:C-G6
./include/uthash.h:181: MAJOR:C-H3
./include/uthash.h:181: MINOR:C-L3
./include/uthash.h:182: MAJOR:C-F3
./include/uthash.h:182: MINOR:C-G6
./include/uthash.h:183: MAJOR:C-F3
./include/uthash.h:183: MINOR:C-G6
./include/uthash.h:183: MINOR:C-L2
./include/uthash.h:184: MAJOR:C-F3
./include/uthash.h:184: MINOR:C-G6
./include/uthash.h:184: MINOR:C-L2
./include/uthash.h:184: MINOR:C-V3
./include/uthash.h:185: MAJOR:C-F3
./include/uthash.h:185: MINOR:C-G6
./include/uthash.h:185: MINOR:C-L2
./include/uthash.h:186: MAJOR:C-F3
./include/uthash.h:186: MINOR:C-G6
./include/uthash.h:186: MINOR:C-L2
./include/uthash.h:187: MAJOR:C-F3
./include/uthash.h:187: MINOR:C-G6
./include/uthash.h:187: MINOR:C-L2
./include/uthash.h:188: MAJOR:C-F3
./include/uthash.h:188: MINOR:C-G6
./include/uthash.h:188: MINOR:C-L2
./include/uthash.h:189: MAJOR:C-F3
./include/uthash.h:189: MINOR:C-G6
./include/uthash.h:189: MINOR:C-L2
./include/uthash.h:190: MAJOR:C-F3
./include/uthash.h:190: MINOR:C-G6
./include/uthash.h:190: MINOR:C-L2
./include/uthash.h:191: MINOR:C-L2
./include/uthash.h:191: MINOR:C-L4
./include/uthash.h:193: MAJOR:C-F3
./include/uthash.h:193: MINOR:C-G3
./include/uthash.h:193: MINOR:C-G6
./include/uthash.h:193: MAJOR:C-H3
./include/uthash.h:194: MAJOR:C-F3
./include/uthash.h:194: MINOR:C-G6
./include/uthash.h:195: MAJOR:C-F3
./include/uthash.h:195: MINOR:C-G6
./include/uthash.h:195: MINOR:C-L2
./include/uthash.h:196: MINOR:C-L2
./include/uthash.h:196: MINOR:C-L4
./include/uthash.h:198: MINOR:C-G3
./include/uthash.h:198: MINOR:C-L3
./include/uthash.h:199: MINOR:C-G3
./include/uthash.h:199: MINOR:C-L3
./include/uthash.h:201: MAJOR:C-F3
./include/uthash.h:201: MINOR:C-G3
./include/uthash.h:201: MINOR:C-G6
./include/uthash.h:201: MAJOR:C-H3
./include/uthash.h:201: MINOR:C-L3
./include/uthash.h:202: MAJOR:C-F3
./include/uthash.h:202: MINOR:C-L2
./include/uthash.h:204: MAJOR:C-F3
./include/uthash.h:204: MINOR:C-G3
./include/uthash.h:204: MINOR:C-G6
./include/uthash.h:204: MAJOR:C-H3
./include/uthash.h:204: MINOR:C-L3
./include/uthash.h:205: MAJOR:C-F3
./include/uthash.h:205: MINOR:C-L2
./include/uthash.h:208: MINOR:C-G3
./include/uthash.h:208: MINOR:C-L3
./include/uthash.h:209: MINOR:C-G3
./include/uthash.h:210: MINOR:C-G3
./include/uthash.h:210: MINOR:C-L3
./include/uthash.h:211: MINOR:C-G3
./include/uthash.h:211: MINOR:C-L3
./include/uthash.h:212: MINOR:C-G3
./include/uthash.h:215: MAJOR:C-F3
./include/uthash.h:215: MINOR:C-G3
./include/uthash.h:215: MINOR:C-G6
./include/uthash.h:215: MAJOR:C-H3
./include/uthash.h:215: MINOR:C-L3
./include/uthash.h:216: MAJOR:C-F3
./include/uthash.h:216: MINOR:C-G6
./include/uthash.h:217: MAJOR:C-F3
./include/uthash.h:217: MINOR:C-G6
./include/uthash.h:217: MINOR:C-L2
./include/uthash.h:218: MAJOR:C-F3
./include/uthash.h:218: MINOR:C-G6
./include/uthash.h:218: MINOR:C-L2
./include/uthash.h:219: MAJOR:C-F3
./include/uthash.h:219: MINOR:C-G6
./include/uthash.h:219: MINOR:C-L2
./include/uthash.h:220: MAJOR:C-F3
./include/uthash.h:220: MINOR:C-G6
./include/uthash.h:220: MINOR:C-L2
./include/uthash.h:221: MAJOR:C-F3
./include/uthash.h:221: MINOR:C-G6
./include/uthash.h:221: MINOR:C-L2
./include/uthash.h:222: MAJOR:C-F3
./include/uthash.h:222: MINOR:C-G6
./include/uthash.h:222: MINOR:C-L2
./include/uthash.h:223: MAJOR:C-F3
./include/uthash.h:223: MINOR:C-G6
./include/uthash.h:223: MINOR:C-L2
./include/uthash.h:224: MAJOR:C-F3
./include/uthash.h:224: MINOR:C-G6
./include/uthash.h:224: MINOR:C-L2
./include/uthash.h:225: MAJOR:C-F3
./include/uthash.h:225: MINOR:C-G6
./include/uthash.h:225: MINOR:C-L2
./include/uthash.h:225: MINOR:C-V3
./include/uthash.h:226: MAJOR:C-F3
./include/uthash.h:226: MINOR:C-G6
./include/uthash.h:227: MAJOR:C-F3
./include/uthash.h:227: MINOR:C-G6
./include/uthash.h:227: MINOR:C-L2
./include/uthash.h:228: MAJOR:C-F3
./include/uthash.h:228: MINOR:C-G6
./include/uthash.h:228: MINOR:C-L2
./include/uthash.h:229: MAJOR:C-F3
./include/uthash.h:229: MINOR:C-G6
./include/uthash.h:230: MAJOR:C-F3
./include/uthash.h:230: MINOR:C-G6
./include/uthash.h:230: MINOR:C-L2
./include/uthash.h:231: MAJOR:C-F3
./include/uthash.h:231: MINOR:C-G6
./include/uthash.h:231: MINOR:C-L2
./include/uthash.h:232: MAJOR:C-F3
./include/uthash.h:232: MINOR:C-G6
./include/uthash.h:232: MINOR:C-L2
./include/uthash.h:233: MAJOR:C-F3
./include/uthash.h:233: MINOR:C-G6
./include/uthash.h:233: MINOR:C-L2
./include/uthash.h:233: MINOR:C-L3
./include/uthash.h:234: MAJOR:C-F3
./include/uthash.h:234: MINOR:C-G6
./include/uthash.h:234: MINOR:C-L2
./include/uthash.h:235: MAJOR:C-F3
./include/uthash.h:235: MINOR:C-G6
./include/uthash.h:235: MINOR:C-L2
./include/uthash.h:236: MAJOR:C-F3
./include/uthash.h:236: MINOR:C-G6
./include/uthash.h:236: MINOR:C-L2
./include/uthash.h:237: MAJOR:C-F3
./include/uthash.h:237: MINOR:C-G6
./include/uthash.h:238: MAJOR:C-F3
./include/uthash.h:238: MINOR:C-G6
./include/uthash.h:238: MINOR:C-L2
./include/uthash.h:238: MINOR:C-L3
./include/uthash.h:239: MAJOR:C-F3
./include/uthash.h:239: MINOR:C-G6
./include/uthash.h:239: MINOR:C-L2
./include/uthash.h:239: MINOR:C-L3
./include/uthash.h:240: MAJOR:C-F3
./include/uthash.h:240: MINOR:C-G6
./include/uthash.h:240: MINOR:C-L2
./include/uthash.h:241: MAJOR:C-F3
./include/uthash.h:241: MINOR:C-G6
./include/uthash.h:241: MINOR:C-L2
./include/uthash.h:242: MAJOR:C-F3
./include/uthash.h:242: MINOR:C-G6
./include/uthash.h:242: MINOR:C-L2
./include/uthash.h:243: MAJOR:C-F3
./include/uthash.h:243: MINOR:C-G6
./include/uthash.h:243: MINOR:C-L2
./include/uthash.h:244: MAJOR:C-F3
./include/uthash.h:244: MINOR:C-G6
./include/uthash.h:244: MINOR:C-L2
./include/uthash.h:244: MINOR:C-L4
./include/uthash.h:245: MINOR:C-L2
./include/uthash.h:245: MINOR:C-L4
./include/uthash.h:247: MAJOR:C-F3
./include/uthash.h:247: MINOR:C-G3
./include/uthash.h:247: MINOR:C-G6
./include/uthash.h:247: MAJOR:C-H3
./include/uthash.h:247: MINOR:C-L3
./include/uthash.h:248: MAJOR:C-F3
./include/uthash.h:248: MINOR:C-G6
./include/uthash.h:249: MAJOR:C-F3
./include/uthash.h:249: MINOR:C-G6
./include/uthash.h:249: MINOR:C-L2
./include/uthash.h:250: MAJOR:C-F3
./include/uthash.h:250: MINOR:C-G6
./include/uthash.h:250: MINOR:C-L2
./include/uthash.h:251: MAJOR:C-F3
./include/uthash.h:251: MINOR:C-G6
./include/uthash.h:251: MINOR:C-L2
./include/uthash.h:252: MAJOR:C-F3
./include/uthash.h:252: MINOR:C-G6
./include/uthash.h:252: MINOR:C-L2
./include/uthash.h:253: MAJOR:C-F3
./include/uthash.h:253: MINOR:C-G6
./include/uthash.h:253: MINOR:C-L2
./include/uthash.h:254: MAJOR:C-F3
./include/uthash.h:254: MINOR:C-G6
./include/uthash.h:254: MINOR:C-L2
./include/uthash.h:255: MINOR:C-L2
./include/uthash.h:255: MINOR:C-L4
./include/uthash.h:257: MAJOR:C-F3
./include/uthash.h:257: MINOR:C-G3
./include/uthash.h:257: MINOR:C-G6
./include/uthash.h:257: MAJOR:C-H3
./include/uthash.h:257: MINOR:C-L3
./include/uthash.h:258: MAJOR:C-F3
./include/uthash.h:258: MINOR:C-G6
./include/uthash.h:259: MAJOR:C-F3
./include/uthash.h:259: MINOR:C-G6
./include/uthash.h:259: MINOR:C-L2
./include/uthash.h:260: MAJOR:C-F3
./include/uthash.h:260: MINOR:C-G6
./include/uthash.h:260: MINOR:C-L2
./include/uthash.h:261: MAJOR:C-F3
./include/uthash.h:261: MINOR:C-G6
./include/uthash.h:261: MINOR:C-L2
./include/uthash.h:262: MAJOR:C-F3
./include/uthash.h:262: MINOR:C-G6
./include/uthash.h:262: MINOR:C-L2
./include/uthash.h:263: MAJOR:C-F3
./include/uthash.h:263: MINOR:C-G6
./include/uthash.h:263: MINOR:C-L2
./include/uthash.h:264: MAJOR:C-F3
./include/uthash.h:264: MINOR:C-G6
./include/uthash.h:264: MINOR:C-L2
./include/uthash.h:265: MINOR:C-L2
./include/uthash.h:265: MINOR:C-L4
./include/uthash.h:267: MAJOR:C-F3
./include/uthash.h:267: MINOR:C-G3
./include/uthash.h:267: MINOR:C-G6
./include/uthash.h:267: MAJOR:C-H3
./include/uthash.h:267: MINOR:C-L3
./include/uthash.h:268: MAJOR:C-F3
./include/uthash.h:268: MINOR:C-G6
./include/uthash.h:269: MAJOR:C-F3
./include/uthash.h:269: MINOR:C-G6
./include/uthash.h:269: MINOR:C-L2
./include/uthash.h:270: MAJOR:C-F3
./include/uthash.h:270: MINOR:C-G6
./include/uthash.h:270: MINOR:C-L2
./include/uthash.h:271: MAJOR:C-F3
./include/uthash.h:271: MINOR:C-G6
./include/uthash.h:271: MINOR:C-L2
./include/uthash.h:272: MINOR:C-L2
./include/uthash.h:272: MINOR:C-L4
./include/uthash.h:274: MAJOR:C-F3
./include/uthash.h:274: MINOR:C-G3
./include/uthash.h:274: MINOR:C-G6
./include/uthash.h:274: MAJOR:C-H3
./include/uthash.h:274: MINOR:C-L3
./include/uthash.h:275: MAJOR:C-F3
./include/uthash.h:275: MINOR:C-G6
./include/uthash.h:276: MAJOR:C-F3
./include/uthash.h:276: MINOR:C-G6
./include/uthash.h:276: MINOR:C-L2
./include/uthash.h:277: MAJOR:C-F3
./include/uthash.h:277: MINOR:C-G6
./include/uthash.h:277: MINOR:C-L2
./include/uthash.h:278: MAJOR:C-F3
./include/uthash.h:278: MINOR:C-G6
./include/uthash.h:278: MINOR:C-L2
./include/uthash.h:279: MINOR:C-L2
./include/uthash.h:279: MINOR:C-L4
./include/uthash.h:281: MAJOR:C-F3
./include/uthash.h:281: MINOR:C-G3
./include/uthash.h:281: MINOR:C-G6
./include/uthash.h:281: MAJOR:C-H3
./include/uthash.h:282: MAJOR:C-F3
./include/uthash.h:282: MINOR:C-G6
./include/uthash.h:283: MAJOR:C-F3
./include/uthash.h:283: MINOR:C-G6
./include/uthash.h:283: MINOR:C-L2
./include/uthash.h:284: MAJOR:C-F3
./include/uthash.h:284: MINOR:C-G6
./include/uthash.h:284: MINOR:C-L2
./include/uthash.h:285: MAJOR:C-F3
./include/uthash.h:285: MINOR:C-G6
./include/uthash.h:285: MINOR:C-L2
./include/uthash.h:286: MAJOR:C-F3
./include/uthash.h:286: MINOR:C-G6
./include/uthash.h:286: MINOR:C-L2
./include/uthash.h:287: MINOR:C-L2
./include/uthash.h:287: MINOR:C-L4
./include/uthash.h:289: MAJOR:C-F3
./include/uthash.h:289: MINOR:C-G3
./include/uthash.h:289: MINOR:C-G6
./include/uthash.h:289: MAJOR:C-H3
./include/uthash.h:289: MINOR:C-L3
./include/uthash.h:290: MAJOR:C-F3
./include/uthash.h:290: MINOR:C-G6
./include/uthash.h:291: MAJOR:C-F3
./include/uthash.h:291: MINOR:C-G6
./include/uthash.h:291: MINOR:C-L2
./include/uthash.h:292: MAJOR:C-F3
./include/uthash.h:292: MINOR:C-G6
./include/uthash.h:293: MAJOR:C-F3
./include/uthash.h:293: MINOR:C-G6
./include/uthash.h:293: MINOR:C-L2
./include/uthash.h:294: MAJOR:C-F3
./include/uthash.h:294: MINOR:C-G6
./include/uthash.h:294: MINOR:C-L2
./include/uthash.h:294: MINOR:C-L4
./include/uthash.h:295: MAJOR:C-F3
./include/uthash.h:295: MINOR:C-G6
./include/uthash.h:295: MINOR:C-L2
./include/uthash.h:296: MINOR:C-L2
./include/uthash.h:296: MINOR:C-L4
./include/uthash.h:299: MINOR:C-G3
./include/uthash.h:300: MAJOR:C-F3
./include/uthash.h:300: MINOR:C-G3
./include/uthash.h:300: MINOR:C-G6
./include/uthash.h:300: MAJOR:C-H3
./include/uthash.h:300: MINOR:C-L3
./include/uthash.h:301: MAJOR:C-F3
./include/uthash.h:301: MINOR:C-G6
./include/uthash.h:302: MAJOR:C-F3
./include/uthash.h:302: MINOR:C-G6
./include/uthash.h:302: MINOR:C-L2
./include/uthash.h:302: MINOR:C-V3
./include/uthash.h:303: MAJOR:C-F3
./include/uthash.h:303: MINOR:C-G6
./include/uthash.h:303: MINOR:C-L2
./include/uthash.h:304: MAJOR:C-F3
./include/uthash.h:304: MINOR:C-G6
./include/uthash.h:304: MINOR:C-L2
./include/uthash.h:305: MAJOR:C-F3
./include/uthash.h:305: MINOR:C-G6
./include/uthash.h:306: MAJOR:C-F3
./include/uthash.h:306: MINOR:C-G6
./include/uthash.h:306: MINOR:C-L2
./include/uthash.h:307: MAJOR:C-F3
./include/uthash.h:307: MINOR:C-G6
./include/uthash.h:307: MINOR:C-L2
./include/uthash.h:308: MAJOR:C-F3
./include/uthash.h:308: MINOR:C-G6
./include/uthash.h:308: MINOR:C-L2
./include/uthash.h:308: MINOR:C-L4
./include/uthash.h:309: MAJOR:C-F3
./include/uthash.h:309: MINOR:C-G6
./include/uthash.h:309: MINOR:C-L2
./include/uthash.h:310: MAJOR:C-F3
./include/uthash.h:310: MINOR:C-G6
./include/uthash.h:310: MINOR:C-L2
./include/uthash.h:311: MINOR:C-L2
./include/uthash.h:311: MINOR:C-L4
./include/uthash.h:316: MAJOR:C-F3
./include/uthash.h:316: MINOR:C-G3
./include/uthash.h:316: MINOR:C-G6
./include/uthash.h:316: MAJOR:C-H3
./include/uthash.h:316: MINOR:C-L3
./include/uthash.h:317: MAJOR:C-F3
./include/uthash.h:317: MINOR:C-G6
./include/uthash.h:318: MAJOR:C-F3
./include/uthash.h:318: MINOR:C-G6
./include/uthash.h:318: MINOR:C-L2
./include/uthash.h:319: MAJOR:C-F3
./include/uthash.h:319: MINOR:C-G6
./include/uthash.h:319: MINOR:C-L2
./include/uthash.h:320: MAJOR:C-F3
./include/uthash.h:320: MINOR:C-G6
./include/uthash.h:320: MINOR:C-L2
./include/uthash.h:321: MAJOR:C-F3
./include/uthash.h:321: MINOR:C-G6
./include/uthash.h:321: MINOR:C-L2
./include/uthash.h:322: MAJOR:C-F3
./include/uthash.h:322: MINOR:C-G6
./include/uthash.h:322: MINOR:C-L2
./include/uthash.h:323: MAJOR:C-F3
./include/uthash.h:323: MINOR:C-G6
./include/uthash.h:324: MAJOR:C-F3
./include/uthash.h:324: MINOR:C-G6
./include/uthash.h:324: MINOR:C-L2
./include/uthash.h:325: MAJOR:C-F3
./include/uthash.h:325: MINOR:C-G6
./include/uthash.h:325: MINOR:C-L2
./include/uthash.h:326: MAJOR:C-F3
./include/uthash.h:326: MINOR:C-G6
./include/uthash.h:326: MINOR:C-L2
./include/uthash.h:327: MAJOR:C-F3
./include/uthash.h:327: MINOR:C-G6
./include/uthash.h:327: MINOR:C-L2
./include/uthash.h:328: MAJOR:C-F3
./include/uthash.h:328: MINOR:C-G6
./include/uthash.h:328: MINOR:C-L2
./include/uthash.h:329: MAJOR:C-F3
./include/uthash.h:329: MINOR:C-G6
./include/uthash.h:329: MINOR:C-L2
./include/uthash.h:330: MAJOR:C-F3
./include/uthash.h:330: MINOR:C-G6
./include/uthash.h:330: MINOR:C-L2
./include/uthash.h:331: MAJOR:C-F3
./include/uthash.h:331: MINOR:C-G6
./include/uthash.h:331: MINOR:C-L2
./include/uthash.h:331: MINOR:C-L4
./include/uthash.h:332: MAJOR:C-F3
./include/uthash.h:332: MINOR:C-G6
./include/uthash.h:332: MINOR:C-L2
./include/uthash.h:333: MAJOR:C-F3
./include/uthash.h:333: MINOR:C-G6
./include/uthash.h:333: MINOR:C-L2
./include/uthash.h:334: MAJOR:C-F3
./include/uthash.h:334: MINOR:C-G6
./include/uthash.h:334: MINOR:C-L2
./include/uthash.h:335: MAJOR:C-F3
./include/uthash.h:335: MINOR:C-G6
./include/uthash.h:335: MINOR:C-L2
./include/uthash.h:335: MINOR:C-L4
./include/uthash.h:336: MINOR:C-L2
./include/uthash.h:336: MINOR:C-L4
./include/uthash.h:340: MAJOR:C-F3
./include/uthash.h:340: MINOR:C-G3
./include/uthash.h:340: MINOR:C-G6
./include/uthash.h:340: MAJOR:C-H3
./include/uthash.h:340: MINOR:C-L3
./include/uthash.h:341: MAJOR:C-F3
./include/uthash.h:341: MINOR:C-G6
./include/uthash.h:342: MAJOR:C-F3
./include/uthash.h:342: MINOR:C-G6
./include/uthash.h:342: MINOR:C-L2
./include/uthash.h:343: MAJOR:C-F3
./include/uthash.h:343: MINOR:C-G6
./include/uthash.h:343: MINOR:C-L2
./include/uthash.h:344: MAJOR:C-F3
./include/uthash.h:344: MINOR:C-G6
./include/uthash.h:344: MINOR:C-L2
./include/uthash.h:345: MAJOR:C-F3
./include/uthash.h:345: MINOR:C-G6
./include/uthash.h:345: MINOR:C-L2
./include/uthash.h:346: MAJOR:C-F3
./include/uthash.h:346: MINOR:C-G6
./include/uthash.h:346: MINOR:C-L2
./include/uthash.h:347: MAJOR:C-F3
./include/uthash.h:347: MINOR:C-G6
./include/uthash.h:347: MINOR:C-L2
./include/uthash.h:348: MINOR:C-L2
./include/uthash.h:348: MINOR:C-L4
./include/uthash.h:353: MAJOR:C-F3
./include/uthash.h:353: MINOR:C-G3
./include/uthash.h:353: MINOR:C-G6
./include/uthash.h:353: MAJOR:C-H3
./include/uthash.h:353: MINOR:C-L3
./include/uthash.h:354: MAJOR:C-F3
./include/uthash.h:354: MINOR:C-G6
./include/uthash.h:355: MAJOR:C-F3
./include/uthash.h:355: MINOR:C-G6
./include/uthash.h:355: MINOR:C-L2
./include/uthash.h:355: MINOR:C-L3
./include/uthash.h:356: MAJOR:C-F3
./include/uthash.h:356: MINOR:C-G6
./include/uthash.h:356: MINOR:C-L2
./include/uthash.h:357: MAJOR:C-F3
./include/uthash.h:357: MINOR:C-G6
./include/uthash.h:357: MINOR:C-L2
./include/uthash.h:357: MINOR:C-V3
./include/uthash.h:358: MAJOR:C-F3
./include/uthash.h:358: MINOR:C-G6
./include/uthash.h:358: MINOR:C-L2
./include/uthash.h:359: MAJOR:C-F3
./include/uthash.h:359: MINOR:C-G6
./include/uthash.h:359: MINOR:C-L2
./include/uthash.h:360: MAJOR:C-F3
./include/uthash.h:360: MINOR:C-G6
./include/uthash.h:360: MINOR:C-L2
./include/uthash.h:361: MAJOR:C-F3
./include/uthash.h:361: MINOR:C-G6
./include/uthash.h:361: MINOR:C-L2
./include/uthash.h:362: MAJOR:C-F3
./include/uthash.h:362: MINOR:C-G6
./include/uthash.h:362: MINOR:C-L2
./include/uthash.h:363: MAJOR:C-F3
./include/uthash.h:363: MINOR:C-G6
./include/uthash.h:363: MINOR:C-L2
./include/uthash.h:363: MINOR:C-L3
./include/uthash.h:364: MAJOR:C-F3
./include/uthash.h:364: MINOR:C-G6
./include/uthash.h:364: MINOR:C-L2
./include/uthash.h:365: MAJOR:C-F3
./include/uthash.h:365: MINOR:C-G6
./include/uthash.h:365: MINOR:C-L2
./include/uthash.h:365: MINOR:C-L3
./include/uthash.h:366: MAJOR:C-F3
./include/uthash.h:366: MINOR:C-G6
./include/uthash.h:366: MINOR:C-L2
./include/uthash.h:367: MAJOR:C-F3
./include/uthash.h:367: MINOR:C-G6
./include/uthash.h:367: MINOR:C-L2
./include/uthash.h:368: MAJOR:C-F3
./include/uthash.h:368: MINOR:C-G6
./include/uthash.h:368: MINOR:C-L2
./include/uthash.h:369: MAJOR:C-F3
./include/uthash.h:369: MINOR:C-G6
./include/uthash.h:369: MINOR:C-L2
./include/uthash.h:370: MAJOR:C-F3
./include/uthash.h:370: MINOR:C-G6
./include/uthash.h:371: MAJOR:C-F3
./include/uthash.h:371: MINOR:C-G6
./include/uthash.h:371: MINOR:C-L2
./include/uthash.h:372: MAJOR:C-F3
./include/uthash.h:372: MINOR:C-G6
./include/uthash.h:372: MINOR:C-L2
./include/uthash.h:373: MAJOR:C-F3
./include/uthash.h:373: MINOR:C-G6
./include/uthash.h:373: MINOR:C-L2
./include/uthash.h:374: MAJOR:C-F3
./include/uthash.h:374: MINOR:C-G6
./include/uthash.h:374: MINOR:C-L2
./include/uthash.h:375: MAJOR:C-F3
./include/uthash.h:375: MINOR:C-G6
./include/uthash.h:375: MINOR:C-L2
./include/uthash.h:376: MAJOR:C-F3
./include/uthash.h:376: MINOR:C-G6
./include/uthash.h:376: MINOR:C-L2
./include/uthash.h:376: MINOR:C-L4
./include/uthash.h:377: MAJOR:C-F3
./include/uthash.h:377: MINOR:C-G6
./include/uthash.h:377: MINOR:C-L2
./include/uthash.h:378: MAJOR:C-F3
./include/uthash.h:378: MINOR:C-G6
./include/uthash.h:378: MINOR:C-L2
./include/uthash.h:379: MAJOR:C-F3
./include/uthash.h:379: MINOR:C-G6
./include/uthash.h:379: MINOR:C-L2
./include/uthash.h:380: MAJOR:C-F3
./include/uthash.h:380: MINOR:C-G6
./include/uthash.h:380: MINOR:C-L2
./include/uthash.h:380: MINOR:C-L4
./include/uthash.h:381: MAJOR:C-F3
./include/uthash.h:381: MINOR:C-G6
./include/uthash.h:381: MINOR:C-L2
./include/uthash.h:381: MINOR:C-L4
./include/uthash.h:382: MAJOR:C-F3
./include/uthash.h:382: MINOR:C-G6
./include/uthash.h:382: MINOR:C-L2
./include/uthash.h:383: MAJOR:C-F3
./include/uthash.h:383: MINOR:C-G6
./include/uthash.h:383: MINOR:C-L2
./include/uthash.h:384: MINOR:C-L2
./include/uthash.h:384: MINOR:C-L4
./include/uthash.h:386: MAJOR:C-F3
./include/uthash.h:386: MINOR:C-G3
./include/uthash.h:386: MINOR:C-G6
./include/uthash.h:386: MAJOR:C-H3
./include/uthash.h:386: MINOR:C-L3
./include/uthash.h:387: MAJOR:C-F3
./include/uthash.h:387: MINOR:C-G6
./include/uthash.h:388: MAJOR:C-F3
./include/uthash.h:388: MINOR:C-G6
./include/uthash.h:388: MINOR:C-L2
./include/uthash.h:389: MAJOR:C-F3
./include/uthash.h:389: MINOR:C-G6
./include/uthash.h:389: MINOR:C-L2
./include/uthash.h:390: MAJOR:C-F3
./include/uthash.h:390: MINOR:C-G6
./include/uthash.h:390: MINOR:C-L2
./include/uthash.h:391: MINOR:C-L2
./include/uthash.h:391: MINOR:C-L4
./include/uthash.h:393: MAJOR:C-F3
./include/uthash.h:393: MINOR:C-G3
./include/uthash.h:393: MINOR:C-G6
./include/uthash.h:393: MAJOR:C-H3
./include/uthash.h:393: MINOR:C-L3
./include/uthash.h:394: MAJOR:C-F3
./include/uthash.h:394: MINOR:C-L2
./include/uthash.h:396: MAJOR:C-F3
./include/uthash.h:396: MINOR:C-G3
./include/uthash.h:396: MINOR:C-G6
./include/uthash.h:396: MAJOR:C-H3
./include/uthash.h:396: MINOR:C-L3
./include/uthash.h:397: MAJOR:C-F3
./include/uthash.h:397: MINOR:C-L2
./include/uthash.h:399: MAJOR:C-F3
./include/uthash.h:399: MINOR:C-G3
./include/uthash.h:399: MINOR:C-G6
./include/uthash.h:399: MAJOR:C-H3
./include/uthash.h:399: MINOR:C-L3
./include/uthash.h:400: MAJOR:C-F3
./include/uthash.h:400: MINOR:C-G6
./include/uthash.h:401: MAJOR:C-F3
./include/uthash.h:401: MINOR:C-G6
./include/uthash.h:401: MINOR:C-L2
./include/uthash.h:401: MINOR:C-L3
./include/uthash.h:402: MAJOR:C-F3
./include/uthash.h:402: MINOR:C-G6
./include/uthash.h:402: MINOR:C-L2
./include/uthash.h:403: MAJOR:C-F3
./include/uthash.h:403: MINOR:C-G6
./include/uthash.h:403: MINOR:C-L2
./include/uthash.h:403: MINOR:C-V3
./include/uthash.h:404: MAJOR:C-F3
./include/uthash.h:404: MINOR:C-G6
./include/uthash.h:404: MINOR:C-L2
./include/uthash.h:405: MAJOR:C-F3
./include/uthash.h:405: MINOR:C-G6
./include/uthash.h:405: MINOR:C-L2
./include/uthash.h:406: MAJOR:C-F3
./include/uthash.h:406: MINOR:C-G6
./include/uthash.h:406: MINOR:C-L2
./include/uthash.h:407: MAJOR:C-F3
./include/uthash.h:407: MINOR:C-G6
./include/uthash.h:407: MINOR:C-L2
./include/uthash.h:408: MAJOR:C-F3
./include/uthash.h:408: MINOR:C-G6
./include/uthash.h:408: MINOR:C-L2
./include/uthash.h:409: MAJOR:C-F3
./include/uthash.h:409: MINOR:C-G6
./include/uthash.h:409: MINOR:C-L2
./include/uthash.h:409: MINOR:C-L3
./include/uthash.h:410: MAJOR:C-F3
./include/uthash.h:410: MINOR:C-G6
./include/uthash.h:410: MINOR:C-L2
./include/uthash.h:411: MAJOR:C-F3
./include/uthash.h:411: MINOR:C-G6
./include/uthash.h:411: MINOR:C-L2
./include/uthash.h:411: MINOR:C-L3
./include/uthash.h:412: MAJOR:C-F3
./include/uthash.h:412: MINOR:C-G6
./include/uthash.h:412: MINOR:C-L2
./include/uthash.h:413: MAJOR:C-F3
./include/uthash.h:413: MINOR:C-G6
./include/uthash.h:413: MINOR:C-L2
./include/uthash.h:414: MAJOR:C-F3
./include/uthash.h:414: MINOR:C-G6
./include/uthash.h:414: MINOR:C-L2
./include/uthash.h:415: MAJOR:C-F3
./include/uthash.h:415: MINOR:C-G6
./include/uthash.h:415: MINOR:C-L2
./include/uthash.h:415: MINOR:C-L4
./include/uthash.h:416: MAJOR:C-F3
./include/uthash.h:416: MINOR:C-G6
./include/uthash.h:416: MINOR:C-L2
./include/uthash.h:417: MAJOR:C-F3
./include/uthash.h:417: MINOR:C-G6
./include/uthash.h:417: MINOR:C-L2
./include/uthash.h:418: MINOR:C-L2
./include/uthash.h:418: MINOR:C-L4
./include/uthash.h:420: MAJOR:C-F3
./include/uthash.h:420: MINOR:C-G3
./include/uthash.h:420: MINOR:C-G6
./include/uthash.h:420: MAJOR:C-H3
./include/uthash.h:420: MINOR:C-L3
./include/uthash.h:421: MAJOR:C-F3
./include/uthash.h:421: MINOR:C-G6
./include/uthash.h:422: MAJOR:C-F3
./include/uthash.h:422: MINOR:C-G6
./include/uthash.h:422: MINOR:C-L2
./include/uthash.h:423: MAJOR:C-F3
./include/uthash.h:423: MINOR:C-G6
./include/uthash.h:423: MINOR:C-L2
./include/uthash.h:424: MAJOR:C-F3
./include/uthash.h:424: MINOR:C-G6
./include/uthash.h:424: MINOR:C-L2
./include/uthash.h:425: MINOR:C-L2
./include/uthash.h:425: MINOR:C-L4
./include/uthash.h:427: MAJOR:C-F3
./include/uthash.h:427: MINOR:C-G3
./include/uthash.h:427: MINOR:C-G6
./include/uthash.h:427: MAJOR:C-H3
./include/uthash.h:427: MINOR:C-L3
./include/uthash.h:428: MAJOR:C-F3
./include/uthash.h:428: MINOR:C-L2
./include/uthash.h:430: MAJOR:C-F3
./include/uthash.h:430: MINOR:C-G3
./include/uthash.h:430: MINOR:C-G6
./include/uthash.h:430: MAJOR:C-H3
./include/uthash.h:430: MINOR:C-L3
./include/uthash.h:431: MINOR:C-L2
./include/uthash.h:433: MAJOR:C-F3
./include/uthash.h:433: MINOR:C-G3
./include/uthash.h:433: MINOR:C-G6
./include/uthash.h:433: MAJOR:C-H3
./include/uthash.h:433: MINOR:C-L3
./include/uthash.h:434: MAJOR:C-F3
./include/uthash.h:434: MINOR:C-G6
./include/uthash.h:435: MAJOR:C-F3
./include/uthash.h:435: MINOR:C-G6
./include/uthash.h:435: MINOR:C-L2
./include/uthash.h:436: MINOR:C-L2
./include/uthash.h:436: MINOR:C-L4
./include/uthash.h:450: MAJOR:C-F3
./include/uthash.h:450: MINOR:C-G3
./include/uthash.h:450: MINOR:C-G6
./include/uthash.h:450: MAJOR:C-H3
./include/uthash.h:450: MINOR:C-L3
./include/uthash.h:451: MINOR:C-L2
./include/uthash.h:453: MAJOR:C-F3
./include/uthash.h:453: MINOR:C-G3
./include/uthash.h:453: MINOR:C-G6
./include/uthash.h:453: MAJOR:C-H3
./include/uthash.h:453: MINOR:C-L3
./include/uthash.h:454: MAJOR:C-F3
./include/uthash.h:454: MINOR:C-G6
./include/uthash.h:455: MAJOR:C-F3
./include/uthash.h:455: MINOR:C-G6
./include/uthash.h:455: MINOR:C-L2
./include/uthash.h:456: MAJOR:C-F3
./include/uthash.h:456: MINOR:C-G6
./include/uthash.h:456: MINOR:C-L2
./include/uthash.h:457: MAJOR:C-F3
./include/uthash.h:457: MINOR:C-G6
./include/uthash.h:457: MINOR:C-L2
./include/uthash.h:458: MAJOR:C-F3
./include/uthash.h:458: MINOR:C-G6
./include/uthash.h:458: MINOR:C-L3
./include/uthash.h:459: MAJOR:C-F3
./include/uthash.h:459: MINOR:C-G6
./include/uthash.h:459: MINOR:C-L2
./include/uthash.h:460: MAJOR:C-F3
./include/uthash.h:460: MINOR:C-G6
./include/uthash.h:460: MINOR:C-L2
./include/uthash.h:461: MAJOR:C-F3
./include/uthash.h:461: MINOR:C-G6
./include/uthash.h:461: MINOR:C-L2
./include/uthash.h:462: MAJOR:C-F3
./include/uthash.h:462: MINOR:C-G6
./include/uthash.h:462: MINOR:C-L2
./include/uthash.h:463: MAJOR:C-F3
./include/uthash.h:463: MINOR:C-G6
./include/uthash.h:463: MINOR:C-L2
./include/uthash.h:464: MAJOR:C-F3
./include/uthash.h:464: MINOR:C-G6
./include/uthash.h:465: MAJOR:C-F3
./include/uthash.h:465: MINOR:C-G6
./include/uthash.h:465: MINOR:C-L2
./include/uthash.h:466: MAJOR:C-F3
./include/uthash.h:466: MINOR:C-G6
./include/uthash.h:466: MINOR:C-L2
./include/uthash.h:466: MINOR:C-L4
./include/uthash.h:467: MAJOR:C-F3
./include/uthash.h:467: MINOR:C-G6
./include/uthash.h:468: MAJOR:C-F3
./include/uthash.h:468: MINOR:C-G6
./include/uthash.h:468: MINOR:C-L2
./include/uthash.h:469: MAJOR:C-F3
./include/uthash.h:469: MINOR:C-G6
./include/uthash.h:469: MINOR:C-L2
./include/uthash.h:470: MAJOR:C-F3
./include/uthash.h:470: MINOR:C-G6
./include/uthash.h:470: MINOR:C-L2
./include/uthash.h:471: MAJOR:C-F3
./include/uthash.h:471: MINOR:C-G6
./include/uthash.h:471: MINOR:C-L2
./include/uthash.h:471: MINOR:C-L4
./include/uthash.h:472: MAJOR:C-F3
./include/uthash.h:472: MINOR:C-G6
./include/uthash.h:473: MAJOR:C-F3
./include/uthash.h:473: MINOR:C-G6
./include/uthash.h:473: MINOR:C-L2
./include/uthash.h:474: MAJOR:C-F3
./include/uthash.h:474: MINOR:C-G6
./include/uthash.h:474: MINOR:C-L2
./include/uthash.h:474: MINOR:C-L4
./include/uthash.h:475: MAJOR:C-F3
./include/uthash.h:475: MINOR:C-G6
./include/uthash.h:475: MINOR:C-L2
./include/uthash.h:476: MAJOR:C-F3
./include/uthash.h:476: MINOR:C-G6
./include/uthash.h:476: MINOR:C-L2
./include/uthash.h:477: MAJOR:C-F3
./include/uthash.h:477: MINOR:C-G6
./include/uthash.h:477: MINOR:C-L2
./include/uthash.h:478: MAJOR:C-F3
./include/uthash.h:478: MINOR:C-G6
./include/uthash.h:478: MINOR:C-L2
./include/uthash.h:478: MINOR:C-L4
./include/uthash.h:479: MAJOR:C-F3
./include/uthash.h:479: MINOR:C-G6
./include/uthash.h:479: MINOR:C-L2
./include/uthash.h:480: MINOR:C-L2
./include/uthash.h:480: MINOR:C-L4
./include/uthash.h:482: MINOR:C-L2
./include/uthash.h:483: MAJOR:C-F3
./include/uthash.h:483: MINOR:C-G3
./include/uthash.h:483: MINOR:C-G6
./include/uthash.h:483: MAJOR:C-H3
./include/uthash.h:483: MINOR:C-L3
./include/uthash.h:484: MAJOR:C-F3
./include/uthash.h:484: MINOR:C-G6
./include/uthash.h:485: MAJOR:C-F3
./include/uthash.h:485: MINOR:C-G6
./include/uthash.h:485: MINOR:C-L2
./include/uthash.h:486: MAJOR:C-F3
./include/uthash.h:486: MINOR:C-G6
./include/uthash.h:486: MINOR:C-L2
./include/uthash.h:487: MINOR:C-L2
./include/uthash.h:487: MINOR:C-L4
./include/uthash.h:488: MAJOR:C-F3
./include/uthash.h:488: MINOR:C-G3
./include/uthash.h:488: MINOR:C-G6
./include/uthash.h:488: MAJOR:C-H3
./include/uthash.h:488: MINOR:C-L3
./include/uthash.h:489: MAJOR:C-F3
./include/uthash.h:489: MINOR:C-G6
./include/uthash.h:490: MAJOR:C-F3
./include/uthash.h:490: MINOR:C-G6
./include/uthash.h:490: MINOR:C-L2
./include/uthash.h:491: MAJOR:C-F3
./include/uthash.h:491: MINOR:C-G6
./include/uthash.h:491: MINOR:C-L2
./include/uthash.h:492: MINOR:C-L2
./include/uthash.h:492: MINOR:C-L4
./include/uthash.h:493: MAJOR:C-F3
./include/uthash.h:493: MINOR:C-G3
./include/uthash.h:493: MINOR:C-G6
./include/uthash.h:493: MAJOR:C-H3
./include/uthash.h:493: MINOR:C-L3
./include/uthash.h:494: MAJOR:C-F3
./include/uthash.h:494: MINOR:C-G6
./include/uthash.h:495: MAJOR:C-F3
./include/uthash.h:495: MINOR:C-G6
./include/uthash.h:495: MINOR:C-L2
./include/uthash.h:496: MAJOR:C-F3
./include/uthash.h:496: MINOR:C-G6
./include/uthash.h:496: MINOR:C-L2
./include/uthash.h:497: MINOR:C-L2
./include/uthash.h:497: MINOR:C-L4
./include/uthash.h:498: MAJOR:C-F3
./include/uthash.h:498: MINOR:C-G3
./include/uthash.h:498: MINOR:C-G6
./include/uthash.h:498: MAJOR:C-H3
./include/uthash.h:498: MINOR:C-L3
./include/uthash.h:499: MINOR:C-L2
./include/uthash.h:499: MINOR:C-L3
./include/uthash.h:500: MAJOR:C-F3
./include/uthash.h:500: MINOR:C-G3
./include/uthash.h:500: MINOR:C-G6
./include/uthash.h:500: MAJOR:C-H3
./include/uthash.h:500: MINOR:C-L3
./include/uthash.h:501: MINOR:C-L2
./include/uthash.h:501: MINOR:C-L3
./include/uthash.h:502: MAJOR:C-F3
./include/uthash.h:502: MINOR:C-G3
./include/uthash.h:502: MINOR:C-G6
./include/uthash.h:502: MAJOR:C-H3
./include/uthash.h:502: MINOR:C-L3
./include/uthash.h:503: MINOR:C-L2
./include/uthash.h:503: MINOR:C-L3
./include/uthash.h:504: MAJOR:C-F3
./include/uthash.h:504: MINOR:C-G3
./include/uthash.h:504: MINOR:C-G6
./include/uthash.h:504: MAJOR:C-H3
./include/uthash.h:504: MINOR:C-L3
./include/uthash.h:505: MINOR:C-L2
./include/uthash.h:505: MINOR:C-L3
./include/uthash.h:506: MAJOR:C-F3
./include/uthash.h:506: MINOR:C-G3
./include/uthash.h:506: MINOR:C-G6
./include/uthash.h:506: MAJOR:C-H3
./include/uthash.h:506: MINOR:C-L3
./include/uthash.h:507: MINOR:C-L2
./include/uthash.h:507: MINOR:C-L3
./include/uthash.h:508: MAJOR:C-F3
./include/uthash.h:508: MINOR:C-G3
./include/uthash.h:508: MINOR:C-G6
./include/uthash.h:508: MAJOR:C-H3
./include/uthash.h:508: MINOR:C-L3
./include/uthash.h:509: MINOR:C-L2
./include/uthash.h:509: MINOR:C-L3
./include/uthash.h:510: MAJOR:C-F3
./include/uthash.h:510: MINOR:C-G3
./include/uthash.h:510: MINOR:C-G6
./include/uthash.h:510: MAJOR:C-H3
./include/uthash.h:510: MINOR:C-L3
./include/uthash.h:511: MINOR:C-L2
./include/uthash.h:511: MINOR:C-L3
./include/uthash.h:513: MAJOR:C-F3
./include/uthash.h:513: MINOR:C-L2
./include/uthash.h:514: MAJOR:C-F3
./include/uthash.h:515: MINOR:C-L2
./include/uthash.h:517: MINOR:C-G3
./include/uthash.h:518: MINOR:C-G3
./include/uthash.h:518: MAJOR:C-H3
./include/uthash.h:518: MINOR:C-L4
./include/uthash.h:519: MAJOR:C-F3
./include/uthash.h:519: MINOR:C-G3
./include/uthash.h:519: MINOR:C-G6
./include/uthash.h:519: MAJOR:C-H3
./include/uthash.h:519: MINOR:C-L3
./include/uthash.h:520: MAJOR:C-F3
./include/uthash.h:520: MINOR:C-G6
./include/uthash.h:521: MAJOR:C-F3
./include/uthash.h:521: MINOR:C-G6
./include/uthash.h:521: MINOR:C-L2
./include/uthash.h:522: MAJOR:C-F3
./include/uthash.h:522: MINOR:C-G6
./include/uthash.h:522: MINOR:C-L2
./include/uthash.h:523: MAJOR:C-F3
./include/uthash.h:523: MINOR:C-G6
./include/uthash.h:523: MINOR:C-L2
./include/uthash.h:524: MAJOR:C-F3
./include/uthash.h:524: MINOR:C-G6
./include/uthash.h:524: MINOR:C-L2
./include/uthash.h:525: MAJOR:C-F3
./include/uthash.h:525: MINOR:C-G6
./include/uthash.h:525: MINOR:C-L2
./include/uthash.h:526: MAJOR:C-F3
./include/uthash.h:526: MINOR:C-G6
./include/uthash.h:527: MAJOR:C-F3
./include/uthash.h:527: MINOR:C-G6
./include/uthash.h:527: MINOR:C-L2
./include/uthash.h:528: MAJOR:C-F3
./include/uthash.h:528: MINOR:C-G6
./include/uthash.h:528: MINOR:C-L2
./include/uthash.h:529: MAJOR:C-F3
./include/uthash.h:529: MINOR:C-G6
./include/uthash.h:529: MINOR:C-L2
./include/uthash.h:530: MAJOR:C-F3
./include/uthash.h:530: MINOR:C-G6
./include/uthash.h:530: MINOR:C-L2
./include/uthash.h:531: MAJOR:C-F3
./include/uthash.h:531: MINOR:C-G6
./include/uthash.h:531: MINOR:C-V3
./include/uthash.h:532: MAJOR:C-F3
./include/uthash.h:532: MINOR:C-G6
./include/uthash.h:532: MINOR:C-L2
./include/uthash.h:532: MINOR:C-L3
./include/uthash.h:533: MAJOR:C-F3
./include/uthash.h:533: MINOR:C-G6
./include/uthash.h:533: MINOR:C-L2
./include/uthash.h:533: MINOR:C-V3
./include/uthash.h:534: MAJOR:C-F3
./include/uthash.h:534: MINOR:C-G6
./include/uthash.h:534: MINOR:C-L2
./include/uthash.h:534: MINOR:C-L4
./include/uthash.h:535: MAJOR:C-F3
./include/uthash.h:535: MINOR:C-G6
./include/uthash.h:535: MINOR:C-L2
./include/uthash.h:536: MAJOR:C-F3
./include/uthash.h:536: MINOR:C-G6
./include/uthash.h:536: MINOR:C-L2
./include/uthash.h:536: MINOR:C-V3
./include/uthash.h:537: MAJOR:C-F3
./include/uthash.h:537: MINOR:C-G6
./include/uthash.h:537: MINOR:C-L2
./include/uthash.h:538: MAJOR:C-F3
./include/uthash.h:538: MINOR:C-G6
./include/uthash.h:538: MINOR:C-L2
./include/uthash.h:538: MINOR:C-L4
./include/uthash.h:539: MAJOR:C-F3
./include/uthash.h:539: MINOR:C-G6
./include/uthash.h:539: MINOR:C-L2
./include/uthash.h:540: MAJOR:C-F3
./include/uthash.h:540: MINOR:C-G6
./include/uthash.h:540: MINOR:C-L2
./include/uthash.h:540: MINOR:C-L3
./include/uthash.h:541: MAJOR:C-F3
./include/uthash.h:541: MINOR:C-G6
./include/uthash.h:541: MINOR:C-L3
./include/uthash.h:542: MAJOR:C-F3
./include/uthash.h:542: MINOR:C-G6
./include/uthash.h:542: MINOR:C-L2
./include/uthash.h:543: MAJOR:C-F3
./include/uthash.h:543: MINOR:C-G6
./include/uthash.h:543: MINOR:C-L2
./include/uthash.h:543: MINOR:C-L4
./include/uthash.h:544: MAJOR:C-F3
./include/uthash.h:544: MINOR:C-G6
./include/uthash.h:544: MINOR:C-L2
./include/uthash.h:544: MINOR:C-L4
./include/uthash.h:545: MAJOR:C-F3
./include/uthash.h:545: MINOR:C-G6
./include/uthash.h:546: MAJOR:C-F3
./include/uthash.h:546: MINOR:C-G6
./include/uthash.h:546: MINOR:C-L2
./include/uthash.h:546: MINOR:C-L3
./include/uthash.h:547: MAJOR:C-F3
./include/uthash.h:547: MINOR:C-G6
./include/uthash.h:547: MINOR:C-L2
./include/uthash.h:548: MAJOR:C-F3
./include/uthash.h:548: MINOR:C-G6
./include/uthash.h:548: MINOR:C-L2
./include/uthash.h:548: MINOR:C-L4
./include/uthash.h:549: MAJOR:C-F3
./include/uthash.h:549: MINOR:C-G6
./include/uthash.h:549: MINOR:C-L2
./include/uthash.h:550: MAJOR:C-F3
./include/uthash.h:550: MINOR:C-G6
./include/uthash.h:550: MINOR:C-L2
./include/uthash.h:551: MAJOR:C-F3
./include/uthash.h:551: MINOR:C-G6
./include/uthash.h:551: MINOR:C-L2
./include/uthash.h:551: MINOR:C-L3
./include/uthash.h:552: MAJOR:C-F3
./include/uthash.h:552: MINOR:C-G6
./include/uthash.h:553: MAJOR:C-F3
./include/uthash.h:553: MINOR:C-G6
./include/uthash.h:553: MINOR:C-L2
./include/uthash.h:554: MAJOR:C-F3
./include/uthash.h:554: MINOR:C-G6
./include/uthash.h:554: MINOR:C-L2
./include/uthash.h:554: MINOR:C-V3
./include/uthash.h:555: MAJOR:C-F3
./include/uthash.h:555: MINOR:C-G6
./include/uthash.h:555: MINOR:C-L3
./include/uthash.h:556: MAJOR:C-F3
./include/uthash.h:556: MINOR:C-G6
./include/uthash.h:556: MINOR:C-L2
./include/uthash.h:556: MINOR:C-V3
./include/uthash.h:557: MAJOR:C-F3
./include/uthash.h:557: MINOR:C-G6
./include/uthash.h:557: MINOR:C-L2
./include/uthash.h:557: MINOR:C-L4
./include/uthash.h:558: MAJOR:C-F3
./include/uthash.h:558: MINOR:C-G6
./include/uthash.h:558: MINOR:C-L2
./include/uthash.h:558: MINOR:C-V3
./include/uthash.h:559: MAJOR:C-F3
./include/uthash.h:559: MINOR:C-G6
./include/uthash.h:559: MINOR:C-L2
./include/uthash.h:560: MAJOR:C-F3
./include/uthash.h:560: MINOR:C-G6
./include/uthash.h:560: MINOR:C-L2
./include/uthash.h:560: MINOR:C-L4
./include/uthash.h:561: MAJOR:C-F3
./include/uthash.h:561: MINOR:C-G6
./include/uthash.h:562: MAJOR:C-F3
./include/uthash.h:562: MINOR:C-G6
./include/uthash.h:562: MINOR:C-L2
./include/uthash.h:562: MINOR:C-L3
./include/uthash.h:563: MAJOR:C-F3
./include/uthash.h:563: MINOR:C-G6
./include/uthash.h:563: MINOR:C-L2
./include/uthash.h:564: MAJOR:C-F3
./include/uthash.h:564: MINOR:C-G6
./include/uthash.h:564: MINOR:C-L2
./include/uthash.h:564: MINOR:C-L4
./include/uthash.h:565: MAJOR:C-F3
./include/uthash.h:565: MINOR:C-G6
./include/uthash.h:565: MINOR:C-L2
./include/uthash.h:566: MINOR:C-L2
./include/uthash.h:566: MINOR:C-L4
./include/uthash.h:568: MINOR:C-G3
./include/uthash.h:568: MINOR:C-L3
./include/uthash.h:575: MAJOR:C-F3
./include/uthash.h:575: MINOR:C-G3
./include/uthash.h:575: MINOR:C-G6
./include/uthash.h:575: MAJOR:C-H3
./include/uthash.h:575: MINOR:C-L3
./include/uthash.h:576: MAJOR:C-F3
./include/uthash.h:576: MINOR:C-G6
./include/uthash.h:577: MAJOR:C-F3
./include/uthash.h:577: MINOR:C-G6
./include/uthash.h:577: MINOR:C-L2
./include/uthash.h:578: MAJOR:C-F3
./include/uthash.h:578: MINOR:C-G6
./include/uthash.h:578: MINOR:C-L2
./include/uthash.h:579: MAJOR:C-F3
./include/uthash.h:579: MINOR:C-G6
./include/uthash.h:579: MINOR:C-L2
./include/uthash.h:580: MINOR:C-L2
./include/uthash.h:580: MINOR:C-L4
./include/uthash.h:582: MINOR:C-G3
./include/uthash.h:582: MINOR:C-L3
./include/uthash.h:585: MAJOR:C-F3
./include/uthash.h:586: MAJOR:C-F3
./include/uthash.h:586: MINOR:C-G3
./include/uthash.h:586: MINOR:C-G6
./include/uthash.h:586: MAJOR:C-H3
./include/uthash.h:586: MINOR:C-L3
./include/uthash.h:587: MAJOR:C-F3
./include/uthash.h:587: MINOR:C-G6
./include/uthash.h:588: MAJOR:C-F3
./include/uthash.h:588: MINOR:C-G6
./include/uthash.h:588: MINOR:C-L2
./include/uthash.h:589: MAJOR:C-F3
./include/uthash.h:589: MINOR:C-G6
./include/uthash.h:589: MINOR:C-L2
./include/uthash.h:589: MINOR:C-V3
./include/uthash.h:590: MAJOR:C-F3
./include/uthash.h:590: MINOR:C-G6
./include/uthash.h:590: MINOR:C-L2
./include/uthash.h:591: MAJOR:C-F3
./include/uthash.h:591: MINOR:C-G6
./include/uthash.h:591: MINOR:C-L2
./include/uthash.h:592: MAJOR:C-F3
./include/uthash.h:592: MINOR:C-G6
./include/uthash.h:592: MINOR:C-L2
./include/uthash.h:593: MAJOR:C-F3
./include/uthash.h:593: MINOR:C-G6
./include/uthash.h:593: MINOR:C-L2
./include/uthash.h:593: MINOR:C-L4
./include/uthash.h:594: MINOR:C-L2
./include/uthash.h:594: MINOR:C-L4
./include/uthash.h:601: MAJOR:C-F3
./include/uthash.h:601: MINOR:C-G3
./include/uthash.h:601: MINOR:C-G6
./include/uthash.h:601: MAJOR:C-H3
./include/uthash.h:601: MINOR:C-L3
./include/uthash.h:602: MAJOR:C-F3
./include/uthash.h:602: MINOR:C-G6
./include/uthash.h:603: MAJOR:C-F3
./include/uthash.h:603: MINOR:C-G6
./include/uthash.h:603: MINOR:C-L2
./include/uthash.h:604: MAJOR:C-F3
./include/uthash.h:604: MINOR:C-G6
./include/uthash.h:604: MINOR:C-L2
./include/uthash.h:604: MINOR:C-V3
./include/uthash.h:605: MAJOR:C-F3
./include/uthash.h:605: MINOR:C-G6
./include/uthash.h:605: MINOR:C-L2
./include/uthash.h:606: MAJOR:C-F3
./include/uthash.h:606: MINOR:C-G6
./include/uthash.h:606: MINOR:C-L2
./include/uthash.h:606: MINOR:C-L3
./include/uthash.h:607: MAJOR:C-F3
./include/uthash.h:607: MINOR:C-G6
./include/uthash.h:607: MINOR:C-L2
./include/uthash.h:608: MAJOR:C-F3
./include/uthash.h:608: MINOR:C-G6
./include/uthash.h:608: MINOR:C-L2
./include/uthash.h:609: MINOR:C-L2
./include/uthash.h:609: MINOR:C-L4
./include/uthash.h:611: MAJOR:C-F3
./include/uthash.h:611: MINOR:C-G3
./include/uthash.h:611: MINOR:C-G6
./include/uthash.h:611: MAJOR:C-H3
./include/uthash.h:611: MINOR:C-L3
./include/uthash.h:612: MAJOR:C-F3
./include/uthash.h:612: MINOR:C-G6
./include/uthash.h:613: MAJOR:C-F3
./include/uthash.h:613: MINOR:C-G6
./include/uthash.h:613: MINOR:C-L2
./include/uthash.h:614: MAJOR:C-F3
./include/uthash.h:614: MINOR:C-G6
./include/uthash.h:614: MINOR:C-L2
./include/uthash.h:614: MINOR:C-V3
./include/uthash.h:615: MAJOR:C-F3
./include/uthash.h:615: MINOR:C-G6
./include/uthash.h:615: MINOR:C-L2
./include/uthash.h:616: MAJOR:C-F3
./include/uthash.h:616: MINOR:C-G6
./include/uthash.h:616: MINOR:C-L2
./include/uthash.h:616: MINOR:C-L3
./include/uthash.h:617: MAJOR:C-F3
./include/uthash.h:617: MINOR:C-G6
./include/uthash.h:617: MINOR:C-L2
./include/uthash.h:618: MAJOR:C-F3
./include/uthash.h:618: MINOR:C-G6
./include/uthash.h:618: MINOR:C-L2
./include/uthash.h:619: MAJOR:C-F3
./include/uthash.h:619: MINOR:C-G6
./include/uthash.h:619: MINOR:C-L2
./include/uthash.h:619: MINOR:C-L4
./include/uthash.h:620: MINOR:C-L2
./include/uthash.h:620: MINOR:C-L4
./include/uthash.h:622: MAJOR:C-F3
./include/uthash.h:622: MINOR:C-G3
./include/uthash.h:622: MINOR:C-G6
./include/uthash.h:622: MAJOR:C-H3
./include/uthash.h:622: MINOR:C-L3
./include/uthash.h:623: MAJOR:C-F3
./include/uthash.h:623: MINOR:C-G6
./include/uthash.h:624: MAJOR:C-F3
./include/uthash.h:624: MINOR:C-G6
./include/uthash.h:624: MINOR:C-L2
./include/uthash.h:625: MAJOR:C-F3
./include/uthash.h:625: MINOR:C-G6
./include/uthash.h:625: MINOR:C-L2
./include/uthash.h:625: MINOR:C-L3
./include/uthash.h:625: MINOR:C-V3
./include/uthash.h:626: MAJOR:C-F3
./include/uthash.h:626: MINOR:C-G6
./include/uthash.h:626: MINOR:C-L2
./include/uthash.h:627: MAJOR:C-F3
./include/uthash.h:627: MINOR:C-G6
./include/uthash.h:627: MINOR:C-L2
./include/uthash.h:627: MINOR:C-L3
./include/uthash.h:628: MAJOR:C-F3
./include/uthash.h:628: MINOR:C-G6
./include/uthash.h:628: MINOR:C-L2
./include/uthash.h:629: MAJOR:C-F3
./include/uthash.h:629: MINOR:C-G6
./include/uthash.h:629: MINOR:C-L2
./include/uthash.h:630: MAJOR:C-F3
./include/uthash.h:630: MINOR:C-G6
./include/uthash.h:630: MINOR:C-L2
./include/uthash.h:631: MAJOR:C-F3
./include/uthash.h:631: MINOR:C-G6
./include/uthash.h:631: MINOR:C-L2
./include/uthash.h:632: MAJOR:C-F3
./include/uthash.h:632: MINOR:C-G6
./include/uthash.h:632: MINOR:C-L2
./include/uthash.h:633: MAJOR:C-F3
./include/uthash.h:633: MINOR:C-G6
./include/uthash.h:633: MINOR:C-L2
./include/uthash.h:634: MAJOR:C-F3
./include/uthash.h:634: MINOR:C-G6
./include/uthash.h:634: MINOR:C-L2
./include/uthash.h:635: MINOR:C-L2
./include/uthash.h:635: MINOR:C-L4
./include/uthash.h:637: MAJOR:C-F3
./include/uthash.h:637: MINOR:C-G3
./include/uthash.h:637: MINOR:C-G6
./include/uthash.h:637: MAJOR:C-H3
./include/uthash.h:637: MINOR:C-L3
./include/uthash.h:638: MAJOR:C-F3
./include/uthash.h:638: MINOR:C-G6
./include/uthash.h:639: MAJOR:C-F3
./include/uthash.h:639: MINOR:C-G6
./include/uthash.h:639: MINOR:C-L2
./include/uthash.h:639: MINOR:C-L3
./include/uthash.h:640: MAJOR:C-F3
./include/uthash.h:640: MINOR:C-G6
./include/uthash.h:640: MINOR:C-L2
./include/uthash.h:640: MINOR:C-L3
./include/uthash.h:641: MAJOR:C-F3
./include/uthash.h:641: MINOR:C-G6
./include/uthash.h:641: MINOR:C-L2
./include/uthash.h:641: MINOR:C-L3
./include/uthash.h:642: MAJOR:C-F3
./include/uthash.h:642: MINOR:C-G6
./include/uthash.h:642: MINOR:C-L2
./include/uthash.h:642: MINOR:C-L3
./include/uthash.h:643: MAJOR:C-F3
./include/uthash.h:643: MINOR:C-G6
./include/uthash.h:643: MINOR:C-L2
./include/uthash.h:643: MINOR:C-L3
./include/uthash.h:644: MAJOR:C-F3
./include/uthash.h:644: MINOR:C-G6
./include/uthash.h:644: MINOR:C-L2
./include/uthash.h:644: MINOR:C-L3
./include/uthash.h:645: MAJOR:C-F3
./include/uthash.h:645: MINOR:C-G6
./include/uthash.h:645: MINOR:C-L2
./include/uthash.h:645: MINOR:C-L3
./include/uthash.h:646: MAJOR:C-F3
./include/uthash.h:646: MINOR:C-G6
./include/uthash.h:646: MINOR:C-L2
./include/uthash.h:646: MINOR:C-L3
./include/uthash.h:647: MAJOR:C-F3
./include/uthash.h:647: MINOR:C-G6
./include/uthash.h:647: MINOR:C-L2
./include/uthash.h:647: MINOR:C-L3
./include/uthash.h:648: MINOR:C-L2
./include/uthash.h:648: MINOR:C-L4
./include/uthash.h:650: MAJOR:C-F3
./include/uthash.h:650: MINOR:C-G3
./include/uthash.h:650: MINOR:C-G6
./include/uthash.h:650: MAJOR:C-H3
./include/uthash.h:650: MINOR:C-L3
./include/uthash.h:651: MAJOR:C-F3
./include/uthash.h:651: MINOR:C-G6
./include/uthash.h:652: MAJOR:C-F3
./include/uthash.h:652: MINOR:C-G6
./include/uthash.h:652: MINOR:C-L2
./include/uthash.h:652: MINOR:C-L3
./include/uthash.h:653: MAJOR:C-F3
./include/uthash.h:653: MINOR:C-G6
./include/uthash.h:653: MINOR:C-L2
./include/uthash.h:653: MINOR:C-L3
./include/uthash.h:653: MINOR:C-V3
./include/uthash.h:654: MAJOR:C-F3
./include/uthash.h:654: MINOR:C-G6
./include/uthash.h:654: MINOR:C-L2
./include/uthash.h:655: MAJOR:C-F3
./include/uthash.h:655: MINOR:C-G6
./include/uthash.h:655: MINOR:C-L2
./include/uthash.h:656: MAJOR:C-F3
./include/uthash.h:656: MINOR:C-G6
./include/uthash.h:656: MINOR:C-L2
./include/uthash.h:657: MAJOR:C-F3
./include/uthash.h:657: MINOR:C-G6
./include/uthash.h:657: MINOR:C-L2
./include/uthash.h:658: MAJOR:C-F3
./include/uthash.h:658: MINOR:C-G6
./include/uthash.h:658: MINOR:C-L3
./include/uthash.h:659: MAJOR:C-F3
./include/uthash.h:659: MINOR:C-G6
./include/uthash.h:659: MINOR:C-L2
./include/uthash.h:659: MINOR:C-L3
./include/uthash.h:660: MAJOR:C-F3
./include/uthash.h:660: MINOR:C-G6
./include/uthash.h:660: MINOR:C-L2
./include/uthash.h:660: MINOR:C-L3
./include/uthash.h:661: MAJOR:C-F3
./include/uthash.h:661: MINOR:C-G6
./include/uthash.h:661: MINOR:C-L3
./include/uthash.h:662: MAJOR:C-F3
./include/uthash.h:662: MINOR:C-G6
./include/uthash.h:662: MINOR:C-L2
./include/uthash.h:662: MINOR:C-L3
./include/uthash.h:663: MAJOR:C-F3
./include/uthash.h:663: MINOR:C-G6
./include/uthash.h:663: MINOR:C-L2
./include/uthash.h:663: MINOR:C-L3
./include/uthash.h:664: MAJOR:C-F3
./include/uthash.h:664: MINOR:C-G6
./include/uthash.h:664: MINOR:C-L3
./include/uthash.h:665: MAJOR:C-F3
./include/uthash.h:665: MINOR:C-G6
./include/uthash.h:665: MINOR:C-L2
./include/uthash.h:665: MINOR:C-L3
./include/uthash.h:666: MAJOR:C-F3
./include/uthash.h:666: MINOR:C-G6
./include/uthash.h:666: MINOR:C-L2
./include/uthash.h:666: MINOR:C-L3
./include/uthash.h:667: MAJOR:C-F3
./include/uthash.h:667: MINOR:C-G6
./include/uthash.h:667: MINOR:C-L2
./include/uthash.h:668: MAJOR:C-F3
./include/uthash.h:668: MINOR:C-G6
./include/uthash.h:668: MINOR:C-L2
./include/uthash.h:669: MAJOR:C-F3
./include/uthash.h:669: MINOR:C-G6
./include/uthash.h:669: MINOR:C-L2
./include/uthash.h:670: MAJOR:C-F3
./include/uthash.h:670: MINOR:C-G6
./include/uthash.h:670: MINOR:C-L2
./include/uthash.h:671: MAJOR:C-F3
./include/uthash.h:671: MINOR:C-G6
./include/uthash.h:671: MINOR:C-L2
./include/uthash.h:672: MAJOR:C-F3
./include/uthash.h:672: MINOR:C-G6
./include/uthash.h:672: MINOR:C-L2
./include/uthash.h:673: MAJOR:C-F3
./include/uthash.h:673: MINOR:C-G6
./include/uthash.h:673: MINOR:C-L2
./include/uthash.h:674: MAJOR:C-F3
./include/uthash.h:674: MINOR:C-G6
./include/uthash.h:674: MINOR:C-L2
./include/uthash.h:674: MINOR:C-L3
./include/uthash.h:675: MAJOR:C-F3
./include/uthash.h:675: MINOR:C-G6
./include/uthash.h:675: MINOR:C-L2
./include/uthash.h:675: MINOR:C-L3
./include/uthash.h:676: MAJOR:C-F3
./include/uthash.h:676: MINOR:C-G6
./include/uthash.h:676: MINOR:C-L2
./include/uthash.h:676: MINOR:C-L3
./include/uthash.h:677: MAJOR:C-F3
./include/uthash.h:677: MINOR:C-G6
./include/uthash.h:677: MINOR:C-L2
./include/uthash.h:677: MINOR:C-L3
./include/uthash.h:678: MAJOR:C-F3
./include/uthash.h:678: MINOR:C-G6
./include/uthash.h:678: MINOR:C-L2
./include/uthash.h:678: MINOR:C-L3
./include/uthash.h:679: MAJOR:C-F3
./include/uthash.h:679: MINOR:C-G6
./include/uthash.h:679: MINOR:C-L2
./include/uthash.h:679: MINOR:C-L3
./include/uthash.h:680: MAJOR:C-F3
./include/uthash.h:680: MINOR:C-G6
./include/uthash.h:680: MINOR:C-L2
./include/uthash.h:680: MINOR:C-L3
./include/uthash.h:681: MAJOR:C-F3
./include/uthash.h:681: MINOR:C-G6
./include/uthash.h:681: MINOR:C-L2
./include/uthash.h:681: MINOR:C-L3
./include/uthash.h:682: MAJOR:C-F3
./include/uthash.h:682: MINOR:C-G6
./include/uthash.h:682: MINOR:C-L2
./include/uthash.h:682: MINOR:C-L3
./include/uthash.h:683: MAJOR:C-F3
./include/uthash.h:683: MINOR:C-G6
./include/uthash.h:683: MINOR:C-L2
./include/uthash.h:683: MINOR:C-L3
./include/uthash.h:684: MAJOR:C-F3
./include/uthash.h:684: MINOR:C-G6
./include/uthash.h:684: MINOR:C-L2
./include/uthash.h:684: MINOR:C-L3
./include/uthash.h:685: MAJOR:C-F3
./include/uthash.h:685: MINOR:C-G6
./include/uthash.h:685: MINOR:C-L2
./include/uthash.h:685: MINOR:C-L3
./include/uthash.h:686: MAJOR:C-F3
./include/uthash.h:686: MINOR:C-G6
./include/uthash.h:686: MINOR:C-L3
./include/uthash.h:687: MAJOR:C-F3
./include/uthash.h:687: MINOR:C-G6
./include/uthash.h:687: MINOR:C-L2
./include/uthash.h:688: MAJOR:C-F3
./include/uthash.h:688: MINOR:C-G6
./include/uthash.h:688: MINOR:C-L2
./include/uthash.h:689: MINOR:C-L4
./include/uthash.h:692: MINOR:C-G3
./include/uthash.h:693: MAJOR:C-F3
./include/uthash.h:693: MINOR:C-G6
./include/uthash.h:694: MINOR:C-L2
./include/uthash.h:694: MINOR:C-L3
./include/uthash.h:695: MINOR:C-G3
./include/uthash.h:695: MINOR:C-V1
./include/uthash.h:698: MINOR:C-L3
./include/uthash.h:699: MAJOR:C-F3
./include/uthash.h:699: MINOR:C-G3
./include/uthash.h:699: MINOR:C-G6
./include/uthash.h:699: MAJOR:C-H3
./include/uthash.h:699: MINOR:C-V1
./include/uthash.h:700: MINOR:C-L2
./include/uthash.h:700: MINOR:C-L3
./include/uthash.h:702: MAJOR:C-F3
./include/uthash.h:702: MINOR:C-G3
./include/uthash.h:702: MINOR:C-G6
./include/uthash.h:702: MAJOR:C-H3
./include/uthash.h:702: MINOR:C-L3
./include/uthash.h:703: MAJOR:C-F3
./include/uthash.h:703: MINOR:C-G6
./include/uthash.h:704: MAJOR:C-F3
./include/uthash.h:704: MINOR:C-G6
./include/uthash.h:704: MINOR:C-L2
./include/uthash.h:704: MINOR:C-L3
./include/uthash.h:704: MINOR:C-V3
./include/uthash.h:705: MAJOR:C-F3
./include/uthash.h:705: MINOR:C-G6
./include/uthash.h:705: MINOR:C-L2
./include/uthash.h:706: MAJOR:C-F3
./include/uthash.h:706: MINOR:C-G6
./include/uthash.h:706: MINOR:C-L2
./include/uthash.h:707: MAJOR:C-F3
./include/uthash.h:707: MINOR:C-G6
./include/uthash.h:707: MINOR:C-L2
./include/uthash.h:708: MAJOR:C-F3
./include/uthash.h:708: MINOR:C-G6
./include/uthash.h:708: MINOR:C-L2
./include/uthash.h:709: MAJOR:C-F3
./include/uthash.h:709: MINOR:C-G6
./include/uthash.h:709: MINOR:C-L2
./include/uthash.h:710: MAJOR:C-F3
./include/uthash.h:710: MINOR:C-G6
./include/uthash.h:710: MINOR:C-L2
./include/uthash.h:711: MAJOR:C-F3
./include/uthash.h:711: MINOR:C-G6
./include/uthash.h:711: MINOR:C-L2
./include/uthash.h:712: MAJOR:C-F3
./include/uthash.h:712: MINOR:C-G6
./include/uthash.h:712: MINOR:C-L2
./include/uthash.h:712: MINOR:C-L3
./include/uthash.h:713: MAJOR:C-F3
./include/uthash.h:713: MINOR:C-G6
./include/uthash.h:713: MINOR:C-L3
./include/uthash.h:714: MAJOR:C-F3
./include/uthash.h:714: MINOR:C-G6
./include/uthash.h:714: MINOR:C-L3
./include/uthash.h:715: MAJOR:C-F3
./include/uthash.h:715: MINOR:C-G6
./include/uthash.h:715: MINOR:C-L3
./include/uthash.h:716: MAJOR:C-F3
./include/uthash.h:716: MINOR:C-G6
./include/uthash.h:716: MINOR:C-L3
./include/uthash.h:717: MAJOR:C-F3
./include/uthash.h:717: MINOR:C-G6
./include/uthash.h:717: MINOR:C-L3
./include/uthash.h:718: MAJOR:C-F3
./include/uthash.h:718: MINOR:C-G6
./include/uthash.h:718: MINOR:C-L2
./include/uthash.h:718: MINOR:C-L4
./include/uthash.h:719: MAJOR:C-F3
./include/uthash.h:719: MINOR:C-G6
./include/uthash.h:719: MINOR:C-L2
./include/uthash.h:720: MAJOR:C-F3
./include/uthash.h:720: MINOR:C-G6
./include/uthash.h:720: MINOR:C-L2
./include/uthash.h:721: MAJOR:C-F3
./include/uthash.h:721: MINOR:C-G6
./include/uthash.h:721: MINOR:C-L2
./include/uthash.h:722: MAJOR:C-F3
./include/uthash.h:722: MINOR:C-G6
./include/uthash.h:722: MINOR:C-L3
./include/uthash.h:723: MAJOR:C-F3
./include/uthash.h:723: MINOR:C-G6
./include/uthash.h:724: MAJOR:C-F3
./include/uthash.h:724: MINOR:C-G6
./include/uthash.h:724: MINOR:C-L3
./include/uthash.h:725: MAJOR:C-F3
./include/uthash.h:725: MINOR:C-G6
./include/uthash.h:726: MAJOR:C-F3
./include/uthash.h:726: MINOR:C-G6
./include/uthash.h:727: MAJOR:C-F3
./include/uthash.h:727: MINOR:C-G6
./include/uthash.h:727: MINOR:C-L3
./include/uthash.h:728: MAJOR:C-F3
./include/uthash.h:728: MINOR:C-G6
./include/uthash.h:729: MAJOR:C-F3
./include/uthash.h:729: MINOR:C-G6
./include/uthash.h:730: MAJOR:C-F3
./include/uthash.h:730: MINOR:C-G6
./include/uthash.h:731: MAJOR:C-F3
./include/uthash.h:731: MINOR:C-G6
./include/uthash.h:732: MAJOR:C-F3
./include/uthash.h:732: MINOR:C-G6
./include/uthash.h:733: MAJOR:C-F3
./include/uthash.h:733: MINOR:C-G6
./include/uthash.h:734: MAJOR:C-F3
./include/uthash.h:734: MINOR:C-G6
./include/uthash.h:735: MAJOR:C-F3
./include/uthash.h:735: MINOR:C-G6
./include/uthash.h:735: MINOR:C-L3
./include/uthash.h:736: MAJOR:C-F3
./include/uthash.h:736: MINOR:C-G6
./include/uthash.h:736: MINOR:C-L2
./include/uthash.h:736: MINOR:C-L4
./include/uthash.h:737: MAJOR:C-F3
./include/uthash.h:737: MINOR:C-G6
./include/uthash.h:737: MINOR:C-L2
./include/uthash.h:738: MAJOR:C-F3
./include/uthash.h:738: MINOR:C-G6
./include/uthash.h:738: MINOR:C-L2
./include/uthash.h:739: MAJOR:C-F3
./include/uthash.h:739: MINOR:C-G6
./include/uthash.h:739: MINOR:C-L2
./include/uthash.h:740: MAJOR:C-F3
./include/uthash.h:740: MINOR:C-G6
./include/uthash.h:740: MINOR:C-L2
./include/uthash.h:741: MAJOR:C-F3
./include/uthash.h:741: MINOR:C-G6
./include/uthash.h:741: MINOR:C-L2
./include/uthash.h:742: MAJOR:C-F3
./include/uthash.h:742: MINOR:C-G6
./include/uthash.h:742: MINOR:C-L2
./include/uthash.h:743: MAJOR:C-F3
./include/uthash.h:743: MINOR:C-G6
./include/uthash.h:743: MINOR:C-L2
./include/uthash.h:744: MAJOR:C-F3
./include/uthash.h:744: MINOR:C-G6
./include/uthash.h:744: MINOR:C-L2
./include/uthash.h:745: MINOR:C-L4
./include/uthash.h:748: MAJOR:C-F3
./include/uthash.h:748: MINOR:C-G3
./include/uthash.h:748: MINOR:C-G6
./include/uthash.h:748: MAJOR:C-H3
./include/uthash.h:748: MINOR:C-L3
./include/uthash.h:749: MAJOR:C-F3
./include/uthash.h:749: MINOR:C-G6
./include/uthash.h:750: MAJOR:C-F3
./include/uthash.h:750: MINOR:C-G6
./include/uthash.h:750: MINOR:C-L2
./include/uthash.h:751: MAJOR:C-F3
./include/uthash.h:751: MINOR:C-G6
./include/uthash.h:751: MINOR:C-L2
./include/uthash.h:752: MAJOR:C-F3
./include/uthash.h:752: MINOR:C-G6
./include/uthash.h:752: MINOR:C-L2
./include/uthash.h:753: MAJOR:C-F3
./include/uthash.h:753: MINOR:C-G6
./include/uthash.h:753: MINOR:C-L2
./include/uthash.h:754: MAJOR:C-F3
./include/uthash.h:754: MINOR:C-G6
./include/uthash.h:754: MINOR:C-L2
./include/uthash.h:754: MINOR:C-L4
./include/uthash.h:755: MAJOR:C-F3
./include/uthash.h:755: MINOR:C-G6
./include/uthash.h:755: MINOR:C-L2
./include/uthash.h:756: MAJOR:C-F3
./include/uthash.h:756: MINOR:C-G6
./include/uthash.h:757: MAJOR:C-F3
./include/uthash.h:757: MINOR:C-G6
./include/uthash.h:757: MINOR:C-L2
./include/uthash.h:758: MAJOR:C-F3
./include/uthash.h:758: MINOR:C-G6
./include/uthash.h:758: MINOR:C-L2
./include/uthash.h:759: MAJOR:C-F3
./include/uthash.h:759: MINOR:C-G6
./include/uthash.h:759: MINOR:C-L2
./include/uthash.h:759: MINOR:C-L4
./include/uthash.h:760: MAJOR:C-F3
./include/uthash.h:760: MINOR:C-G6
./include/uthash.h:760: MINOR:C-L2
./include/uthash.h:761: MAJOR:C-F3
./include/uthash.h:761: MINOR:C-G6
./include/uthash.h:762: MAJOR:C-F3
./include/uthash.h:762: MINOR:C-G6
./include/uthash.h:762: MINOR:C-L2
./include/uthash.h:763: MAJOR:C-F3
./include/uthash.h:763: MINOR:C-G6
./include/uthash.h:763: MINOR:C-L2
./include/uthash.h:764: MAJOR:C-F3
./include/uthash.h:764: MINOR:C-G6
./include/uthash.h:764: MINOR:C-L2
./include/uthash.h:765: MAJOR:C-F3
./include/uthash.h:765: MINOR:C-G6
./include/uthash.h:765: MINOR:C-L2
./include/uthash.h:765: MINOR:C-L4
./include/uthash.h:766: MAJOR:C-F3
./include/uthash.h:766: MINOR:C-G6
./include/uthash.h:766: MINOR:C-L2
./include/uthash.h:766: MINOR:C-L4
./include/uthash.h:767: MINOR:C-L2
./include/uthash.h:767: MINOR:C-L4
./include/uthash.h:770: MAJOR:C-F3
./include/uthash.h:770: MINOR:C-G3
./include/uthash.h:770: MINOR:C-G6
./include/uthash.h:770: MAJOR:C-H3
./include/uthash.h:770: MINOR:C-L3
./include/uthash.h:771: MAJOR:C-F3
./include/uthash.h:771: MINOR:C-G6
./include/uthash.h:772: MAJOR:C-F3
./include/uthash.h:772: MINOR:C-G6
./include/uthash.h:772: MINOR:C-L2
./include/uthash.h:773: MAJOR:C-F3
./include/uthash.h:773: MINOR:C-G6
./include/uthash.h:773: MINOR:C-L2
./include/uthash.h:774: MAJOR:C-F3
./include/uthash.h:774: MINOR:C-G6
./include/uthash.h:774: MINOR:C-L2
./include/uthash.h:775: MAJOR:C-F3
./include/uthash.h:775: MINOR:C-G6
./include/uthash.h:775: MINOR:C-L2
./include/uthash.h:776: MAJOR:C-F3
./include/uthash.h:776: MINOR:C-G6
./include/uthash.h:776: MINOR:C-L2
./include/uthash.h:777: MAJOR:C-F3
./include/uthash.h:777: MINOR:C-G6
./include/uthash.h:777: MINOR:C-L2
./include/uthash.h:778: MAJOR:C-F3
./include/uthash.h:778: MINOR:C-G6
./include/uthash.h:778: MINOR:C-L2
./include/uthash.h:778: MINOR:C-L4
./include/uthash.h:779: MAJOR:C-F3
./include/uthash.h:779: MINOR:C-G6
./include/uthash.h:779: MINOR:C-L2
./include/uthash.h:780: MAJOR:C-F3
./include/uthash.h:780: MINOR:C-G6
./include/uthash.h:780: MINOR:C-L2
./include/uthash.h:781: MAJOR:C-F3
./include/uthash.h:781: MINOR:C-G6
./include/uthash.h:781: MINOR:C-L2
./include/uthash.h:781: MINOR:C-L3
./include/uthash.h:782: MAJOR:C-F3
./include/uthash.h:782: MINOR:C-G6
./include/uthash.h:782: MINOR:C-L2
./include/uthash.h:782: MINOR:C-L3
./include/uthash.h:783: MAJOR:C-F3
./include/uthash.h:783: MINOR:C-G6
./include/uthash.h:784: MAJOR:C-F3
./include/uthash.h:784: MINOR:C-G6
./include/uthash.h:784: MINOR:C-L2
./include/uthash.h:785: MAJOR:C-F3
./include/uthash.h:785: MINOR:C-G6
./include/uthash.h:785: MINOR:C-L2
./include/uthash.h:785: MINOR:C-L3
./include/uthash.h:786: MAJOR:C-F3
./include/uthash.h:786: MINOR:C-G6
./include/uthash.h:786: MINOR:C-L2
./include/uthash.h:787: MAJOR:C-F3
./include/uthash.h:787: MINOR:C-G6
./include/uthash.h:787: MINOR:C-L2
./include/uthash.h:788: MAJOR:C-F3
./include/uthash.h:788: MINOR:C-G6
./include/uthash.h:788: MINOR:C-L2
./include/uthash.h:789: MINOR:C-L2
./include/uthash.h:789: MINOR:C-L4
./include/uthash.h:792: MAJOR:C-F3
./include/uthash.h:792: MINOR:C-G3
./include/uthash.h:792: MINOR:C-G6
./include/uthash.h:792: MAJOR:C-H3
./include/uthash.h:792: MINOR:C-L3
./include/uthash.h:793: MAJOR:C-F3
./include/uthash.h:793: MINOR:C-G6
./include/uthash.h:794: MAJOR:C-F3
./include/uthash.h:794: MINOR:C-G6
./include/uthash.h:794: MINOR:C-L2
./include/uthash.h:795: MAJOR:C-F3
./include/uthash.h:795: MINOR:C-G6
./include/uthash.h:795: MINOR:C-L2
./include/uthash.h:796: MAJOR:C-F3
./include/uthash.h:796: MINOR:C-G6
./include/uthash.h:796: MINOR:C-L2
./include/uthash.h:797: MAJOR:C-F3
./include/uthash.h:797: MINOR:C-G6
./include/uthash.h:797: MINOR:C-L2
./include/uthash.h:798: MAJOR:C-F3
./include/uthash.h:798: MINOR:C-G6
./include/uthash.h:798: MINOR:C-L2
./include/uthash.h:798: MINOR:C-L4
./include/uthash.h:799: MAJOR:C-F3
./include/uthash.h:799: MINOR:C-G6
./include/uthash.h:799: MINOR:C-L2
./include/uthash.h:800: MAJOR:C-F3
./include/uthash.h:800: MINOR:C-G6
./include/uthash.h:800: MINOR:C-L2
./include/uthash.h:801: MAJOR:C-F3
./include/uthash.h:801: MINOR:C-G6
./include/uthash.h:801: MINOR:C-L2
./include/uthash.h:801: MINOR:C-L4
./include/uthash.h:802: MAJOR:C-F3
./include/uthash.h:802: MINOR:C-G6
./include/uthash.h:802: MINOR:C-L2
./include/uthash.h:803: MAJOR:C-F3
./include/uthash.h:803: MINOR:C-G6
./include/uthash.h:803: MINOR:C-L2
./include/uthash.h:804: MAJOR:C-F3
./include/uthash.h:804: MINOR:C-G6
./include/uthash.h:804: MINOR:C-L2
./include/uthash.h:804: MINOR:C-L4
./include/uthash.h:805: MINOR:C-L2
./include/uthash.h:805: MINOR:C-L4
./include/uthash.h:836: MAJOR:C-F3
./include/uthash.h:836: MINOR:C-G3
./include/uthash.h:836: MINOR:C-G6
./include/uthash.h:836: MAJOR:C-H3
./include/uthash.h:836: MINOR:C-L3
./include/uthash.h:837: MAJOR:C-F3
./include/uthash.h:837: MINOR:C-G6
./include/uthash.h:838: MAJOR:C-F3
./include/uthash.h:838: MINOR:C-G6
./include/uthash.h:838: MINOR:C-L2
./include/uthash.h:839: MAJOR:C-F3
./include/uthash.h:839: MINOR:C-G6
./include/uthash.h:839: MINOR:C-L2
./include/uthash.h:840: MAJOR:C-F3
./include/uthash.h:840: MINOR:C-G6
./include/uthash.h:840: MINOR:C-L2
./include/uthash.h:841: MAJOR:C-F3
./include/uthash.h:841: MINOR:C-G6
./include/uthash.h:841: MINOR:C-L2
./include/uthash.h:842: MAJOR:C-F3
./include/uthash.h:842: MINOR:C-G6
./include/uthash.h:842: MINOR:C-L2
./include/uthash.h:843: MAJOR:C-F3
./include/uthash.h:843: MINOR:C-G6
./include/uthash.h:843: MINOR:C-L2
./include/uthash.h:844: MAJOR:C-F3
./include/uthash.h:844: MINOR:C-G6
./include/uthash.h:844: MINOR:C-L2
./include/uthash.h:845: MAJOR:C-F3
./include/uthash.h:845: MINOR:C-G6
./include/uthash.h:845: MINOR:C-L2
./include/uthash.h:846: MAJOR:C-F3
./include/uthash.h:846: MINOR:C-G6
./include/uthash.h:846: MINOR:C-L2
./include/uthash.h:847: MAJOR:C-F3
./include/uthash.h:847: MINOR:C-G6
./include/uthash.h:847: MINOR:C-L3
./include/uthash.h:848: MAJOR:C-F3
./include/uthash.h:848: MINOR:C-G6
./include/uthash.h:848: MINOR:C-L2
./include/uthash.h:849: MAJOR:C-F3
./include/uthash.h:849: MINOR:C-G6
./include/uthash.h:849: MINOR:C-L2
./include/uthash.h:849: MINOR:C-L3
./include/uthash.h:850: MAJOR:C-F3
./include/uthash.h:850: MINOR:C-G6
./include/uthash.h:850: MINOR:C-L2
./include/uthash.h:850: MINOR:C-L3
./include/uthash.h:851: MAJOR:C-F3
./include/uthash.h:851: MINOR:C-G6
./include/uthash.h:851: MINOR:C-L2
./include/uthash.h:851: MINOR:C-L3
./include/uthash.h:852: MAJOR:C-F3
./include/uthash.h:852: MINOR:C-G6
./include/uthash.h:852: MINOR:C-L2
./include/uthash.h:853: MAJOR:C-F3
./include/uthash.h:853: MINOR:C-G6
./include/uthash.h:854: MAJOR:C-F3
./include/uthash.h:854: MINOR:C-G6
./include/uthash.h:854: MINOR:C-L2
./include/uthash.h:854: MINOR:C-L3
./include/uthash.h:855: MAJOR:C-F3
./include/uthash.h:855: MINOR:C-G6
./include/uthash.h:855: MINOR:C-L2
./include/uthash.h:856: MAJOR:C-F3
./include/uthash.h:856: MINOR:C-G6
./include/uthash.h:856: MINOR:C-L2
./include/uthash.h:857: MAJOR:C-F3
./include/uthash.h:857: MINOR:C-G6
./include/uthash.h:857: MINOR:C-L2
./include/uthash.h:858: MAJOR:C-F3
./include/uthash.h:858: MINOR:C-G6
./include/uthash.h:858: MINOR:C-L2
./include/uthash.h:859: MAJOR:C-F3
./include/uthash.h:859: MINOR:C-G6
./include/uthash.h:860: MAJOR:C-F3
./include/uthash.h:860: MINOR:C-G6
./include/uthash.h:860: MINOR:C-L2
./include/uthash.h:861: MAJOR:C-F3
./include/uthash.h:861: MINOR:C-G6
./include/uthash.h:861: MINOR:C-L2
./include/uthash.h:862: MAJOR:C-F3
./include/uthash.h:862: MINOR:C-G6
./include/uthash.h:862: MINOR:C-L2
./include/uthash.h:863: MAJOR:C-F3
./include/uthash.h:863: MINOR:C-G6
./include/uthash.h:863: MINOR:C-L2
./include/uthash.h:863: MINOR:C-L4
./include/uthash.h:864: MAJOR:C-F3
./include/uthash.h:864: MINOR:C-G6
./include/uthash.h:864: MINOR:C-L2
./include/uthash.h:865: MAJOR:C-F3
./include/uthash.h:865: MINOR:C-G6
./include/uthash.h:865: MINOR:C-L2
./include/uthash.h:866: MAJOR:C-F3
./include/uthash.h:866: MINOR:C-G6
./include/uthash.h:866: MINOR:C-L2
./include/uthash.h:867: MAJOR:C-F3
./include/uthash.h:867: MINOR:C-G6
./include/uthash.h:868: MAJOR:C-F3
./include/uthash.h:868: MINOR:C-G6
./include/uthash.h:868: MINOR:C-L2
./include/uthash.h:869: MAJOR:C-F3
./include/uthash.h:869: MINOR:C-G6
./include/uthash.h:869: MINOR:C-L2
./include/uthash.h:869: MINOR:C-L4
./include/uthash.h:870: MAJOR:C-F3
./include/uthash.h:870: MINOR:C-G6
./include/uthash.h:870: MINOR:C-L2
./include/uthash.h:871: MAJOR:C-F3
./include/uthash.h:871: MINOR:C-G6
./include/uthash.h:871: MINOR:C-L2
./include/uthash.h:872: MAJOR:C-F3
./include/uthash.h:872: MINOR:C-G6
./include/uthash.h:872: MINOR:C-L2
./include/uthash.h:872: MINOR:C-L4
./include/uthash.h:873: MAJOR:C-F3
./include/uthash.h:873: MINOR:C-G6
./include/uthash.h:873: MINOR:C-L2
./include/uthash.h:873: MINOR:C-L4
./include/uthash.h:874: MAJOR:C-F3
./include/uthash.h:874: MINOR:C-G6
./include/uthash.h:874: MINOR:C-L2
./include/uthash.h:875: MAJOR:C-F3
./include/uthash.h:875: MINOR:C-G6
./include/uthash.h:875: MINOR:C-L2
./include/uthash.h:876: MAJOR:C-F3
./include/uthash.h:876: MINOR:C-G6
./include/uthash.h:876: MINOR:C-L2
./include/uthash.h:877: MAJOR:C-F3
./include/uthash.h:877: MINOR:C-G6
./include/uthash.h:877: MINOR:C-L2
./include/uthash.h:878: MAJOR:C-F3
./include/uthash.h:878: MINOR:C-G6
./include/uthash.h:878: MINOR:C-L2
./include/uthash.h:878: MINOR:C-L3
./include/uthash.h:879: MAJOR:C-F3
./include/uthash.h:879: MINOR:C-G6
./include/uthash.h:879: MINOR:C-L2
./include/uthash.h:879: MINOR:C-L3
./include/uthash.h:880: MAJOR:C-F3
./include/uthash.h:880: MINOR:C-G6
./include/uthash.h:881: MAJOR:C-F3
./include/uthash.h:881: MINOR:C-G6
./include/uthash.h:881: MINOR:C-L2
./include/uthash.h:882: MAJOR:C-F3
./include/uthash.h:882: MINOR:C-G6
./include/uthash.h:882: MINOR:C-L2
./include/uthash.h:883: MAJOR:C-F3
./include/uthash.h:883: MINOR:C-G6
./include/uthash.h:883: MINOR:C-L2
./include/uthash.h:883: MINOR:C-L4
./include/uthash.h:884: MAJOR:C-F3
./include/uthash.h:884: MINOR:C-G6
./include/uthash.h:884: MINOR:C-L2
./include/uthash.h:885: MAJOR:C-F3
./include/uthash.h:885: MINOR:C-G6
./include/uthash.h:885: MINOR:C-L2
./include/uthash.h:886: MINOR:C-L2
./include/uthash.h:886: MINOR:C-L4
./include/uthash.h:892: MINOR:C-G3
./include/uthash.h:892: MINOR:C-L3
./include/uthash.h:893: MAJOR:C-F3
./include/uthash.h:893: MINOR:C-G3
./include/uthash.h:893: MINOR:C-G6
./include/uthash.h:893: MAJOR:C-H3
./include/uthash.h:893: MINOR:C-L3
./include/uthash.h:894: MAJOR:C-F3
./include/uthash.h:894: MINOR:C-G6
./include/uthash.h:895: MAJOR:C-F3
./include/uthash.h:895: MINOR:C-G6
./include/uthash.h:895: MINOR:C-L2
./include/uthash.h:896: MAJOR:C-F3
./include/uthash.h:896: MINOR:C-G6
./include/uthash.h:896: MINOR:C-L2
./include/uthash.h:896: MINOR:C-L3
./include/uthash.h:897: MAJOR:C-F3
./include/uthash.h:897: MINOR:C-G6
./include/uthash.h:897: MINOR:C-L2
./include/uthash.h:898: MAJOR:C-F3
./include/uthash.h:898: MINOR:C-G6
./include/uthash.h:898: MINOR:C-L2
./include/uthash.h:899: MAJOR:C-F3
./include/uthash.h:899: MINOR:C-G6
./include/uthash.h:899: MINOR:C-L2
./include/uthash.h:900: MAJOR:C-F3
./include/uthash.h:900: MINOR:C-G6
./include/uthash.h:900: MINOR:C-L2
./include/uthash.h:901: MAJOR:C-F3
./include/uthash.h:901: MINOR:C-G6
./include/uthash.h:901: MINOR:C-L2
./include/uthash.h:902: MAJOR:C-F3
./include/uthash.h:902: MINOR:C-G6
./include/uthash.h:903: MAJOR:C-F3
./include/uthash.h:903: MINOR:C-G6
./include/uthash.h:903: MINOR:C-L2
./include/uthash.h:904: MAJOR:C-F3
./include/uthash.h:904: MINOR:C-G6
./include/uthash.h:904: MINOR:C-L2
./include/uthash.h:905: MAJOR:C-F3
./include/uthash.h:905: MINOR:C-G6
./include/uthash.h:905: MINOR:C-L2
./include/uthash.h:906: MAJOR:C-F3
./include/uthash.h:906: MINOR:C-G6
./include/uthash.h:906: MINOR:C-L2
./include/uthash.h:907: MAJOR:C-F3
./include/uthash.h:907: MINOR:C-G6
./include/uthash.h:907: MINOR:C-L2
./include/uthash.h:908: MAJOR:C-F3
./include/uthash.h:908: MINOR:C-G6
./include/uthash.h:908: MINOR:C-L2
./include/uthash.h:909: MAJOR:C-F3
./include/uthash.h:909: MINOR:C-G6
./include/uthash.h:909: MINOR:C-L2
./include/uthash.h:910: MAJOR:C-F3
./include/uthash.h:910: MINOR:C-G6
./include/uthash.h:910: MINOR:C-L2
./include/uthash.h:911: MAJOR:C-F3
./include/uthash.h:911: MINOR:C-G6
./include/uthash.h:912: MAJOR:C-F3
./include/uthash.h:912: MINOR:C-G6
./include/uthash.h:912: MINOR:C-L2
./include/uthash.h:913: MAJOR:C-F3
./include/uthash.h:913: MINOR:C-G6
./include/uthash.h:913: MINOR:C-L2
./include/uthash.h:913: MINOR:C-L3
./include/uthash.h:914: MAJOR:C-F3
./include/uthash.h:914: MINOR:C-G6
./include/uthash.h:914: MINOR:C-L2
./include/uthash.h:915: MAJOR:C-F3
./include/uthash.h:915: MINOR:C-G6
./include/uthash.h:915: MINOR:C-L2
./include/uthash.h:916: MAJOR:C-F3
./include/uthash.h:916: MINOR:C-G6
./include/uthash.h:916: MINOR:C-L2
./include/uthash.h:917: MAJOR:C-F3
./include/uthash.h:917: MINOR:C-G6
./include/uthash.h:917: MINOR:C-L2
./include/uthash.h:918: MAJOR:C-F3
./include/uthash.h:918: MINOR:C-G6
./include/uthash.h:918: MINOR:C-L2
./include/uthash.h:919: MAJOR:C-F3
./include/uthash.h:919: MINOR:C-G6
./include/uthash.h:919: MINOR:C-L2
./include/uthash.h:920: MAJOR:C-F3
./include/uthash.h:920: MINOR:C-G6
./include/uthash.h:921: MAJOR:C-F3
./include/uthash.h:921: MINOR:C-G6
./include/uthash.h:921: MINOR:C-L2
./include/uthash.h:922: MAJOR:C-F3
./include/uthash.h:922: MINOR:C-G6
./include/uthash.h:922: MINOR:C-L2
./include/uthash.h:923: MAJOR:C-F3
./include/uthash.h:923: MINOR:C-G6
./include/uthash.h:923: MINOR:C-L3
./include/uthash.h:924: MAJOR:C-F3
./include/uthash.h:924: MINOR:C-G6
./include/uthash.h:924: MINOR:C-L2
./include/uthash.h:925: MAJOR:C-F3
./include/uthash.h:925: MINOR:C-G6
./include/uthash.h:925: MINOR:C-L2
./include/uthash.h:926: MAJOR:C-F3
./include/uthash.h:926: MINOR:C-G6
./include/uthash.h:926: MINOR:C-L2
./include/uthash.h:927: MAJOR:C-F3
./include/uthash.h:927: MINOR:C-G6
./include/uthash.h:927: MINOR:C-L2
./include/uthash.h:928: MAJOR:C-F3
./include/uthash.h:928: MINOR:C-G6
./include/uthash.h:929: MAJOR:C-F3
./include/uthash.h:929: MINOR:C-G6
./include/uthash.h:929: MINOR:C-L2
./include/uthash.h:929: MINOR:C-L3
./include/uthash.h:930: MAJOR:C-F3
./include/uthash.h:930: MINOR:C-G6
./include/uthash.h:930: MINOR:C-L2
./include/uthash.h:931: MAJOR:C-F3
./include/uthash.h:931: MINOR:C-G6
./include/uthash.h:931: MINOR:C-L2
./include/uthash.h:931: MINOR:C-L4
./include/uthash.h:932: MAJOR:C-F3
./include/uthash.h:932: MINOR:C-G6
./include/uthash.h:932: MINOR:C-L2
./include/uthash.h:933: MAJOR:C-F3
./include/uthash.h:933: MINOR:C-G6
./include/uthash.h:933: MINOR:C-L2
./include/uthash.h:934: MAJOR:C-F3
./include/uthash.h:934: MINOR:C-G6
./include/uthash.h:934: MINOR:C-L2
./include/uthash.h:934: MINOR:C-L3
./include/uthash.h:935: MAJOR:C-F3
./include/uthash.h:935: MINOR:C-G6
./include/uthash.h:935: MINOR:C-L2
./include/uthash.h:936: MAJOR:C-F3
./include/uthash.h:936: MINOR:C-G6
./include/uthash.h:936: MINOR:C-L2
./include/uthash.h:937: MAJOR:C-F3
./include/uthash.h:937: MINOR:C-G6
./include/uthash.h:937: MINOR:C-L2
./include/uthash.h:938: MAJOR:C-F3
./include/uthash.h:938: MINOR:C-G6
./include/uthash.h:939: MAJOR:C-F3
./include/uthash.h:939: MINOR:C-G6
./include/uthash.h:939: MINOR:C-L2
./include/uthash.h:939: MINOR:C-L3
./include/uthash.h:940: MAJOR:C-F3
./include/uthash.h:940: MINOR:C-G6
./include/uthash.h:940: MINOR:C-L2
./include/uthash.h:941: MAJOR:C-F3
./include/uthash.h:941: MINOR:C-G6
./include/uthash.h:941: MINOR:C-L2
./include/uthash.h:941: MINOR:C-L4
./include/uthash.h:942: MAJOR:C-F3
./include/uthash.h:942: MINOR:C-G6
./include/uthash.h:942: MINOR:C-L2
./include/uthash.h:943: MAJOR:C-F3
./include/uthash.h:943: MINOR:C-G6
./include/uthash.h:943: MINOR:C-L2
./include/uthash.h:944: MAJOR:C-F3
./include/uthash.h:944: MINOR:C-G6
./include/uthash.h:944: MINOR:C-L2
./include/uthash.h:945: MAJOR:C-F3
./include/uthash.h:945: MINOR:C-G6
./include/uthash.h:945: MINOR:C-L3
./include/uthash.h:946: MAJOR:C-F3
./include/uthash.h:946: MINOR:C-G6
./include/uthash.h:946: MINOR:C-L2
./include/uthash.h:947: MAJOR:C-F3
./include/uthash.h:947: MINOR:C-G6
./include/uthash.h:947: MINOR:C-L2
./include/uthash.h:948: MAJOR:C-F3
./include/uthash.h:948: MINOR:C-G6
./include/uthash.h:948: MINOR:C-L2
./include/uthash.h:948: MINOR:C-L4
./include/uthash.h:949: MAJOR:C-F3
./include/uthash.h:949: MINOR:C-G6
./include/uthash.h:949: MINOR:C-L2
./include/uthash.h:949: MINOR:C-L3
./include/uthash.h:950: MAJOR:C-F3
./include/uthash.h:950: MINOR:C-G6
./include/uthash.h:950: MINOR:C-L3
./include/uthash.h:951: MAJOR:C-F3
./include/uthash.h:951: MINOR:C-G6
./include/uthash.h:951: MINOR:C-L2
./include/uthash.h:952: MAJOR:C-F3
./include/uthash.h:952: MINOR:C-G6
./include/uthash.h:952: MINOR:C-L2
./include/uthash.h:953: MAJOR:C-F3
./include/uthash.h:953: MINOR:C-G6
./include/uthash.h:953: MINOR:C-L2
./include/uthash.h:954: MAJOR:C-F3
./include/uthash.h:954: MINOR:C-G6
./include/uthash.h:954: MINOR:C-L2
./include/uthash.h:954: MINOR:C-L4
./include/uthash.h:955: MAJOR:C-F3
./include/uthash.h:955: MINOR:C-G6
./include/uthash.h:955: MINOR:C-L2
./include/uthash.h:956: MAJOR:C-F3
./include/uthash.h:956: MINOR:C-G6
./include/uthash.h:956: MINOR:C-L3
./include/uthash.h:957: MAJOR:C-F3
./include/uthash.h:957: MINOR:C-G6
./include/uthash.h:957: MINOR:C-L2
./include/uthash.h:958: MAJOR:C-F3
./include/uthash.h:958: MINOR:C-G6
./include/uthash.h:958: MINOR:C-L2
./include/uthash.h:958: MINOR:C-L4
./include/uthash.h:959: MAJOR:C-F3
./include/uthash.h:959: MINOR:C-G6
./include/uthash.h:959: MINOR:C-L2
./include/uthash.h:960: MAJOR:C-F3
./include/uthash.h:960: MINOR:C-G6
./include/uthash.h:960: MINOR:C-L2
./include/uthash.h:960: MINOR:C-L4
./include/uthash.h:961: MAJOR:C-F3
./include/uthash.h:961: MINOR:C-G6
./include/uthash.h:961: MINOR:C-L2
./include/uthash.h:962: MAJOR:C-F3
./include/uthash.h:962: MINOR:C-G6
./include/uthash.h:962: MINOR:C-L2
./include/uthash.h:962: MINOR:C-L4
./include/uthash.h:963: MAJOR:C-F3
./include/uthash.h:963: MINOR:C-G6
./include/uthash.h:963: MINOR:C-L2
./include/uthash.h:964: MAJOR:C-F3
./include/uthash.h:964: MINOR:C-G6
./include/uthash.h:964: MINOR:C-L2
./include/uthash.h:965: MAJOR:C-F3
./include/uthash.h:965: MINOR:C-G6
./include/uthash.h:965: MINOR:C-L2
./include/uthash.h:965: MINOR:C-L4
./include/uthash.h:966: MAJOR:C-F3
./include/uthash.h:966: MINOR:C-G6
./include/uthash.h:966: MINOR:C-L2
./include/uthash.h:967: MAJOR:C-F3
./include/uthash.h:967: MINOR:C-G6
./include/uthash.h:967: MINOR:C-L2
./include/uthash.h:968: MAJOR:C-F3
./include/uthash.h:968: MINOR:C-G6
./include/uthash.h:968: MINOR:C-L2
./include/uthash.h:969: MAJOR:C-F3
./include/uthash.h:969: MINOR:C-G6
./include/uthash.h:969: MINOR:C-L2
./include/uthash.h:970: MAJOR:C-F3
./include/uthash.h:970: MINOR:C-G6
./include/uthash.h:970: MINOR:C-L2
./include/uthash.h:970: MINOR:C-L4
./include/uthash.h:971: MAJOR:C-F3
./include/uthash.h:971: MINOR:C-G6
./include/uthash.h:971: MINOR:C-L2
./include/uthash.h:972: MAJOR:C-F3
./include/uthash.h:972: MINOR:C-G6
./include/uthash.h:972: MINOR:C-L2
./include/uthash.h:972: MINOR:C-L4
./include/uthash.h:973: MAJOR:C-F3
./include/uthash.h:973: MINOR:C-G6
./include/uthash.h:973: MINOR:C-L2
./include/uthash.h:974: MAJOR:C-F3
./include/uthash.h:974: MINOR:C-G6
./include/uthash.h:974: MINOR:C-L2
./include/uthash.h:975: MINOR:C-L2
./include/uthash.h:975: MINOR:C-L4
./include/uthash.h:977: MINOR:C-L2
./include/uthash.h:981: MINOR:C-L2
./include/uthash.h:982: MAJOR:C-F3
./include/uthash.h:982: MINOR:C-G3
./include/uthash.h:982: MINOR:C-G6
./include/uthash.h:982: MAJOR:C-H3
./include/uthash.h:983: MAJOR:C-F3
./include/uthash.h:983: MINOR:C-G6
./include/uthash.h:984: MAJOR:C-F3
./include/uthash.h:984: MINOR:C-G6
./include/uthash.h:984: MINOR:C-L2
./include/uthash.h:985: MAJOR:C-F3
./include/uthash.h:985: MINOR:C-G6
./include/uthash.h:985: MINOR:C-L2
./include/uthash.h:986: MAJOR:C-F3
./include/uthash.h:986: MINOR:C-G6
./include/uthash.h:986: MINOR:C-L2
./include/uthash.h:986: MINOR:C-L3
./include/uthash.h:987: MAJOR:C-F3
./include/uthash.h:987: MINOR:C-G6
./include/uthash.h:987: MINOR:C-L2
./include/uthash.h:987: MINOR:C-V3
./include/uthash.h:988: MAJOR:C-F3
./include/uthash.h:988: MINOR:C-G6
./include/uthash.h:988: MINOR:C-L2
./include/uthash.h:989: MAJOR:C-F3
./include/uthash.h:989: MINOR:C-G6
./include/uthash.h:989: MINOR:C-L3
./include/uthash.h:990: MAJOR:C-F3
./include/uthash.h:990: MINOR:C-G6
./include/uthash.h:990: MINOR:C-L2
./include/uthash.h:991: MAJOR:C-F3
./include/uthash.h:991: MINOR:C-G6
./include/uthash.h:991: MINOR:C-L2
./include/uthash.h:992: MAJOR:C-F3
./include/uthash.h:992: MINOR:C-G6
./include/uthash.h:993: MAJOR:C-F3
./include/uthash.h:993: MINOR:C-G6
./include/uthash.h:993: MINOR:C-L2
./include/uthash.h:994: MAJOR:C-F3
./include/uthash.h:994: MINOR:C-G6
./include/uthash.h:995: MAJOR:C-F3
./include/uthash.h:995: MINOR:C-G6
./include/uthash.h:995: MINOR:C-L2
./include/uthash.h:995: MINOR:C-L3
./include/uthash.h:996: MAJOR:C-F3
./include/uthash.h:996: MINOR:C-G6
./include/uthash.h:996: MINOR:C-L2
./include/uthash.h:996: MINOR:C-V3
./include/uthash.h:997: MAJOR:C-F3
./include/uthash.h:997: MINOR:C-G6
./include/uthash.h:997: MINOR:C-L2
./include/uthash.h:998: MAJOR:C-F3
./include/uthash.h:998: MINOR:C-G6
./include/uthash.h:998: MINOR:C-L2
./include/uthash.h:999: MAJOR:C-F3
./include/uthash.h:999: MINOR:C-G6
./include/uthash.h:999: MINOR:C-L2
./include/uthash.h:1000: MAJOR:C-F3
./include/uthash.h:1000: MINOR:C-G6
./include/uthash.h:1000: MINOR:C-L2
./include/uthash.h:1001: MAJOR:C-F3
./include/uthash.h:1001: MINOR:C-G6
./include/uthash.h:1001: MINOR:C-L2
./include/uthash.h:1002: MAJOR:C-F3
./include/uthash.h:1002: MINOR:C-G6
./include/uthash.h:1002: MINOR:C-L2
./include/uthash.h:1003: MAJOR:C-F3
./include/uthash.h:1003: MINOR:C-G6
./include/uthash.h:1003: MINOR:C-L2
./include/uthash.h:1004: MAJOR:C-F3
./include/uthash.h:1004: MINOR:C-G6
./include/uthash.h:1004: MINOR:C-L2
./include/uthash.h:1004: MINOR:C-L4
./include/uthash.h:1005: MAJOR:C-F3
./include/uthash.h:1005: MINOR:C-G6
./include/uthash.h:1005: MINOR:C-L2
./include/uthash.h:1006: MAJOR:C-F3
./include/uthash.h:1006: MINOR:C-G6
./include/uthash.h:1006: MINOR:C-L2
./include/uthash.h:1007: MAJOR:C-F3
./include/uthash.h:1007: MINOR:C-G6
./include/uthash.h:1007: MINOR:C-L2
./include/uthash.h:1008: MAJOR:C-F3
./include/uthash.h:1008: MINOR:C-G6
./include/uthash.h:1009: MAJOR:C-F3
./include/uthash.h:1009: MINOR:C-G6
./include/uthash.h:1009: MINOR:C-L2
./include/uthash.h:1010: MAJOR:C-F3
./include/uthash.h:1010: MINOR:C-G6
./include/uthash.h:1010: MINOR:C-L2
./include/uthash.h:1011: MAJOR:C-F3
./include/uthash.h:1011: MINOR:C-G6
./include/uthash.h:1011: MINOR:C-L2
./include/uthash.h:1012: MAJOR:C-F3
./include/uthash.h:1012: MINOR:C-G6
./include/uthash.h:1012: MINOR:C-L2
./include/uthash.h:1013: MAJOR:C-F3
./include/uthash.h:1013: MINOR:C-G6
./include/uthash.h:1013: MINOR:C-L2
./include/uthash.h:1014: MAJOR:C-F3
./include/uthash.h:1014: MINOR:C-G6
./include/uthash.h:1014: MINOR:C-L2
./include/uthash.h:1015: MAJOR:C-F3
./include/uthash.h:1015: MINOR:C-G6
./include/uthash.h:1015: MINOR:C-L2
./include/uthash.h:1016: MAJOR:C-F3
./include/uthash.h:1016: MINOR:C-G6
./include/uthash.h:1016: MINOR:C-L2
./include/uthash.h:1017: MAJOR:C-F3
./include/uthash.h:1017: MINOR:C-G6
./include/uthash.h:1017: MINOR:C-L2
./include/uthash.h:1017: MINOR:C-L4
./include/uthash.h:1018: MAJOR:C-F3
./include/uthash.h:1018: MINOR:C-G6
./include/uthash.h:1018: MINOR:C-L2
./include/uthash.h:1019: MAJOR:C-F3
./include/uthash.h:1019: MINOR:C-G6
./include/uthash.h:1019: MINOR:C-L2
./include/uthash.h:1020: MAJOR:C-F3
./include/uthash.h:1020: MINOR:C-G6
./include/uthash.h:1020: MINOR:C-L2
./include/uthash.h:1021: MAJOR:C-F3
./include/uthash.h:1021: MINOR:C-G6
./include/uthash.h:1021: MINOR:C-L2
./include/uthash.h:1022: MAJOR:C-F3
./include/uthash.h:1022: MINOR:C-G6
./include/uthash.h:1023: MAJOR:C-F3
./include/uthash.h:1023: MINOR:C-G6
./include/uthash.h:1023: MINOR:C-L2
./include/uthash.h:1024: MAJOR:C-F3
./include/uthash.h:1024: MINOR:C-G6
./include/uthash.h:1024: MINOR:C-L2
./include/uthash.h:1025: MAJOR:C-F3
./include/uthash.h:1025: MINOR:C-G6
./include/uthash.h:1025: MINOR:C-L2
./include/uthash.h:1026: MAJOR:C-F3
./include/uthash.h:1026: MINOR:C-G6
./include/uthash.h:1026: MINOR:C-L2
./include/uthash.h:1027: MAJOR:C-F3
./include/uthash.h:1027: MINOR:C-G6
./include/uthash.h:1027: MINOR:C-L2
./include/uthash.h:1028: MAJOR:C-F3
./include/uthash.h:1028: MINOR:C-G6
./include/uthash.h:1028: MINOR:C-L2
./include/uthash.h:1029: MAJOR:C-F3
./include/uthash.h:1029: MINOR:C-G6
./include/uthash.h:1029: MINOR:C-L2
./include/uthash.h:1030: MAJOR:C-F3
./include/uthash.h:1030: MINOR:C-G6
./include/uthash.h:1030: MINOR:C-L2
./include/uthash.h:1031: MAJOR:C-F3
./include/uthash.h:1031: MINOR:C-G6
./include/uthash.h:1031: MINOR:C-L2
./include/uthash.h:1032: MAJOR:C-F3
./include/uthash.h:1032: MINOR:C-G6
./include/uthash.h:1032: MINOR:C-L2
./include/uthash.h:1033: MAJOR:C-F3
./include/uthash.h:1033: MINOR:C-G6
./include/uthash.h:1033: MINOR:C-L2
./include/uthash.h:1033: MINOR:C-L4
./include/uthash.h:1034: MAJOR:C-F3
./include/uthash.h:1034: MINOR:C-G6
./include/uthash.h:1034: MINOR:C-L2
./include/uthash.h:1034: MINOR:C-L4
./include/uthash.h:1035: MAJOR:C-F3
./include/uthash.h:1035: MINOR:C-G6
./include/uthash.h:1035: MINOR:C-L2
./include/uthash.h:1035: MINOR:C-L4
./include/uthash.h:1036: MAJOR:C-F3
./include/uthash.h:1036: MINOR:C-G6
./include/uthash.h:1036: MINOR:C-L2
./include/uthash.h:1036: MINOR:C-L4
./include/uthash.h:1037: MAJOR:C-F3
./include/uthash.h:1037: MINOR:C-G6
./include/uthash.h:1037: MINOR:C-L2
./include/uthash.h:1038: MINOR:C-L2
./include/uthash.h:1038: MINOR:C-L4
./include/uthash.h:1040: MAJOR:C-F3
./include/uthash.h:1040: MINOR:C-G3
./include/uthash.h:1040: MINOR:C-G6
./include/uthash.h:1040: MAJOR:C-H3
./include/uthash.h:1040: MINOR:C-L3
./include/uthash.h:1041: MAJOR:C-F3
./include/uthash.h:1041: MINOR:C-G6
./include/uthash.h:1042: MAJOR:C-F3
./include/uthash.h:1042: MINOR:C-G6
./include/uthash.h:1042: MINOR:C-L2
./include/uthash.h:1043: MAJOR:C-F3
./include/uthash.h:1043: MINOR:C-G6
./include/uthash.h:1043: MINOR:C-L2
./include/uthash.h:1044: MAJOR:C-F3
./include/uthash.h:1044: MINOR:C-G6
./include/uthash.h:1044: MINOR:C-L3
./include/uthash.h:1045: MAJOR:C-F3
./include/uthash.h:1045: MINOR:C-G6
./include/uthash.h:1045: MINOR:C-L2
./include/uthash.h:1045: MINOR:C-L3
./include/uthash.h:1046: MAJOR:C-F3
./include/uthash.h:1046: MINOR:C-G6
./include/uthash.h:1046: MINOR:C-L2
./include/uthash.h:1047: MAJOR:C-F3
./include/uthash.h:1047: MINOR:C-G6
./include/uthash.h:1047: MINOR:C-L2
./include/uthash.h:1048: MAJOR:C-F3
./include/uthash.h:1048: MINOR:C-G6
./include/uthash.h:1048: MINOR:C-L2
./include/uthash.h:1048: MINOR:C-L4
./include/uthash.h:1049: MINOR:C-L2
./include/uthash.h:1049: MINOR:C-L4
./include/uthash.h:1051: MAJOR:C-F3
./include/uthash.h:1051: MINOR:C-G3
./include/uthash.h:1051: MINOR:C-G6
./include/uthash.h:1051: MAJOR:C-H3
./include/uthash.h:1051: MINOR:C-L3
./include/uthash.h:1052: MAJOR:C-F3
./include/uthash.h:1052: MINOR:C-G6
./include/uthash.h:1052: MINOR:C-L2
./include/uthash.h:1053: MAJOR:C-F3
./include/uthash.h:1053: MINOR:C-G6
./include/uthash.h:1053: MINOR:C-L2
./include/uthash.h:1053: MINOR:C-L3
./include/uthash.h:1054: MAJOR:C-F3
./include/uthash.h:1054: MINOR:C-G6
./include/uthash.h:1054: MINOR:C-L2
./include/uthash.h:1054: MINOR:C-L3
./include/uthash.h:1055: MAJOR:C-F3
./include/uthash.h:1055: MINOR:C-G6
./include/uthash.h:1055: MINOR:C-L2
./include/uthash.h:1055: MINOR:C-L3
./include/uthash.h:1056: MINOR:C-L2
./include/uthash.h:1059: MAJOR:C-F3
./include/uthash.h:1059: MINOR:C-G3
./include/uthash.h:1059: MINOR:C-G6
./include/uthash.h:1059: MAJOR:C-H3
./include/uthash.h:1059: MINOR:C-L3
./include/uthash.h:1060: MAJOR:C-F3
./include/uthash.h:1060: MAJOR:C-G4
./include/uthash.h:1060: MINOR:C-G6
./include/uthash.h:1060: MINOR:C-L3
./include/uthash.h:1060: MINOR:C-V3
./include/uthash.h:1061: MAJOR:C-F3
./include/uthash.h:1061: MINOR:C-L2
./include/uthash.h:1061: MINOR:C-L3
./include/uthash.h:1061: MINOR:C-V3
./include/uthash.h:1063: MAJOR:C-F3
./include/uthash.h:1063: MINOR:C-G3
./include/uthash.h:1063: MINOR:C-G6
./include/uthash.h:1063: MAJOR:C-H3
./include/uthash.h:1063: MINOR:C-L3
./include/uthash.h:1064: MAJOR:C-F3
./include/uthash.h:1064: MAJOR:C-G4
./include/uthash.h:1064: MINOR:C-G6
./include/uthash.h:1064: MINOR:C-L3
./include/uthash.h:1065: MAJOR:C-F3
./include/uthash.h:1065: MINOR:C-L2
./include/uthash.h:1065: MINOR:C-L3
./include/uthash.h:1069: MINOR:C-G3
./include/uthash.h:1069: MINOR:C-L3
./include/uthash.h:1070: MINOR:C-G3
./include/uthash.h:1070: MINOR:C-L3
./include/uthash.h:1073: MINOR:C-L2
./include/uthash.h:1074: MINOR:C-L2
./include/uthash.h:1076: MINOR:C-L2
./include/uthash.h:1088: MINOR:C-L2
./include/uthash.h:1090: MAJOR:C-G4
./include/uthash.h:1090: MINOR:C-L2
./include/uthash.h:1093: MINOR:C-G3
./include/uthash.h:1094: MINOR:C-G3
./include/uthash.h:1097: MINOR:C-L2
./include/uthash.h:1098: MINOR:C-L2
./include/uthash.h:1099: MINOR:C-L2
./include/uthash.h:1100: MINOR:C-L2
./include/uthash.h:1101: MINOR:C-L2
./include/uthash.h:1103: MINOR:C-L2
./include/uthash.h:1105: MINOR:C-L2
./include/uthash.h:1107: MINOR:C-L2
./include/uthash.h:1109: MAJOR:C-F3
./include/uthash.h:1110: MINOR:C-L2
./include/uthash.h:1112: MINOR:C-L2
./include/uthash.h:1118: MINOR:C-L2
./include/uthash.h:1120: MINOR:C-L2
./include/uthash.h:1122: MAJOR:C-F3
./include/uthash.h:1122: MINOR:C-L2
./include/uthash.h:1123: MINOR:C-L2
./include/uthash.h:1124: MINOR:C-L2
./include/uthash.h:1127: MINOR:C-L2
./include/uthash.h:1130: MINOR:C-L2
./include/uthash.h:1131: MINOR:C-L2
./include/uthash.h:1132: MINOR:C-L2
./include/uthash.h:1133: MINOR:C-L2
./include/uthash.h:1134: MINOR:C-L2
./include/uthash.h:1135: MINOR:C-L2
./include/uthash.h:1136: MINOR:C-L2
./include/uthash.h:1137: MINOR:C-L2
./include/uthash.h:1138: MINOR:C-L2
./include/uthash.h:1138: MINOR:C-V1
